
*** Running vivado
    with args -log system_axi_gpio_2_0.vds -m64 -product Vivado -mode batch -messageDb vivado.pb -notrace -source system_axi_gpio_2_0.tcl


****** Vivado v2017.2 (64-bit)
  **** SW Build 1909853 on Thu Jun 15 18:39:10 MDT 2017
  **** IP Build 1909766 on Thu Jun 15 19:58:00 MDT 2017
    ** Copyright 1986-2017 Xilinx, Inc. All Rights Reserved.

source system_axi_gpio_2_0.tcl -notrace
Starting RTL Elaboration : Time (s): cpu = 00:00:04 ; elapsed = 00:00:04 . Memory (MB): peak = 1160.941 ; gain = 62.996 ; free physical = 4301 ; free virtual = 39063
INFO: [Synth 8-638] synthesizing module 'system_axi_gpio_2_0' [/home/davidmc/prep_new_ddr_cache_v2/prep_new_ddr_cache_v2.srcs/sources_1/bd/system/ip/system_axi_gpio_2_0/synth/system_axi_gpio_2_0.vhd:85]
INFO: [Synth 8-638] synthesizing module 'axi_gpio' [/home/davidmc/prep_new_ddr_cache_v2/prep_new_ddr_cache_v2.srcs/sources_1/bd/system/ipshared/cb07/hdl/axi_gpio_v2_0_vh_rfs.vhd:1257]
INFO: [Synth 8-638] synthesizing module 'axi_lite_ipif' [/home/davidmc/prep_new_ddr_cache_v2/prep_new_ddr_cache_v2.srcs/sources_1/bd/system/ipshared/0ba0/hdl/axi_lite_ipif_v3_0_vh_rfs.vhd:2948]
INFO: [Synth 8-638] synthesizing module 'slave_attachment' [/home/davidmc/prep_new_ddr_cache_v2/prep_new_ddr_cache_v2.srcs/sources_1/bd/system/ipshared/0ba0/hdl/axi_lite_ipif_v3_0_vh_rfs.vhd:2341]
INFO: [Synth 8-638] synthesizing module 'address_decoder' [/home/davidmc/prep_new_ddr_cache_v2/prep_new_ddr_cache_v2.srcs/sources_1/bd/system/ipshared/0ba0/hdl/axi_lite_ipif_v3_0_vh_rfs.vhd:1775]
INFO: [Synth 8-638] synthesizing module 'pselect_f' [/home/davidmc/prep_new_ddr_cache_v2/prep_new_ddr_cache_v2.srcs/sources_1/bd/system/ipshared/0ba0/hdl/axi_lite_ipif_v3_0_vh_rfs.vhd:1534]
INFO: [Synth 8-256] done synthesizing module 'pselect_f' (1#1) [/home/davidmc/prep_new_ddr_cache_v2/prep_new_ddr_cache_v2.srcs/sources_1/bd/system/ipshared/0ba0/hdl/axi_lite_ipif_v3_0_vh_rfs.vhd:1534]
INFO: [Synth 8-638] synthesizing module 'pselect_f__parameterized0' [/home/davidmc/prep_new_ddr_cache_v2/prep_new_ddr_cache_v2.srcs/sources_1/bd/system/ipshared/0ba0/hdl/axi_lite_ipif_v3_0_vh_rfs.vhd:1534]
INFO: [Synth 8-256] done synthesizing module 'pselect_f__parameterized0' (1#1) [/home/davidmc/prep_new_ddr_cache_v2/prep_new_ddr_cache_v2.srcs/sources_1/bd/system/ipshared/0ba0/hdl/axi_lite_ipif_v3_0_vh_rfs.vhd:1534]
INFO: [Synth 8-638] synthesizing module 'pselect_f__parameterized1' [/home/davidmc/prep_new_ddr_cache_v2/prep_new_ddr_cache_v2.srcs/sources_1/bd/system/ipshared/0ba0/hdl/axi_lite_ipif_v3_0_vh_rfs.vhd:1534]
INFO: [Synth 8-256] done synthesizing module 'pselect_f__parameterized1' (1#1) [/home/davidmc/prep_new_ddr_cache_v2/prep_new_ddr_cache_v2.srcs/sources_1/bd/system/ipshared/0ba0/hdl/axi_lite_ipif_v3_0_vh_rfs.vhd:1534]
INFO: [Synth 8-638] synthesizing module 'pselect_f__parameterized2' [/home/davidmc/prep_new_ddr_cache_v2/prep_new_ddr_cache_v2.srcs/sources_1/bd/system/ipshared/0ba0/hdl/axi_lite_ipif_v3_0_vh_rfs.vhd:1534]
INFO: [Synth 8-256] done synthesizing module 'pselect_f__parameterized2' (1#1) [/home/davidmc/prep_new_ddr_cache_v2/prep_new_ddr_cache_v2.srcs/sources_1/bd/system/ipshared/0ba0/hdl/axi_lite_ipif_v3_0_vh_rfs.vhd:1534]
INFO: [Synth 8-638] synthesizing module 'pselect_f__parameterized3' [/home/davidmc/prep_new_ddr_cache_v2/prep_new_ddr_cache_v2.srcs/sources_1/bd/system/ipshared/0ba0/hdl/axi_lite_ipif_v3_0_vh_rfs.vhd:1534]
INFO: [Synth 8-256] done synthesizing module 'pselect_f__parameterized3' (1#1) [/home/davidmc/prep_new_ddr_cache_v2/prep_new_ddr_cache_v2.srcs/sources_1/bd/system/ipshared/0ba0/hdl/axi_lite_ipif_v3_0_vh_rfs.vhd:1534]
INFO: [Synth 8-638] synthesizing module 'pselect_f__parameterized4' [/home/davidmc/prep_new_ddr_cache_v2/prep_new_ddr_cache_v2.srcs/sources_1/bd/system/ipshared/0ba0/hdl/axi_lite_ipif_v3_0_vh_rfs.vhd:1534]
INFO: [Synth 8-256] done synthesizing module 'pselect_f__parameterized4' (1#1) [/home/davidmc/prep_new_ddr_cache_v2/prep_new_ddr_cache_v2.srcs/sources_1/bd/system/ipshared/0ba0/hdl/axi_lite_ipif_v3_0_vh_rfs.vhd:1534]
INFO: [Synth 8-638] synthesizing module 'pselect_f__parameterized5' [/home/davidmc/prep_new_ddr_cache_v2/prep_new_ddr_cache_v2.srcs/sources_1/bd/system/ipshared/0ba0/hdl/axi_lite_ipif_v3_0_vh_rfs.vhd:1534]
INFO: [Synth 8-256] done synthesizing module 'pselect_f__parameterized5' (1#1) [/home/davidmc/prep_new_ddr_cache_v2/prep_new_ddr_cache_v2.srcs/sources_1/bd/system/ipshared/0ba0/hdl/axi_lite_ipif_v3_0_vh_rfs.vhd:1534]
INFO: [Synth 8-638] synthesizing module 'pselect_f__parameterized6' [/home/davidmc/prep_new_ddr_cache_v2/prep_new_ddr_cache_v2.srcs/sources_1/bd/system/ipshared/0ba0/hdl/axi_lite_ipif_v3_0_vh_rfs.vhd:1534]
INFO: [Synth 8-256] done synthesizing module 'pselect_f__parameterized6' (1#1) [/home/davidmc/prep_new_ddr_cache_v2/prep_new_ddr_cache_v2.srcs/sources_1/bd/system/ipshared/0ba0/hdl/axi_lite_ipif_v3_0_vh_rfs.vhd:1534]
INFO: [Synth 8-638] synthesizing module 'pselect_f__parameterized7' [/home/davidmc/prep_new_ddr_cache_v2/prep_new_ddr_cache_v2.srcs/sources_1/bd/system/ipshared/0ba0/hdl/axi_lite_ipif_v3_0_vh_rfs.vhd:1534]
INFO: [Synth 8-256] done synthesizing module 'pselect_f__parameterized7' (1#1) [/home/davidmc/prep_new_ddr_cache_v2/prep_new_ddr_cache_v2.srcs/sources_1/bd/system/ipshared/0ba0/hdl/axi_lite_ipif_v3_0_vh_rfs.vhd:1534]
INFO: [Synth 8-638] synthesizing module 'pselect_f__parameterized8' [/home/davidmc/prep_new_ddr_cache_v2/prep_new_ddr_cache_v2.srcs/sources_1/bd/system/ipshared/0ba0/hdl/axi_lite_ipif_v3_0_vh_rfs.vhd:1534]
INFO: [Synth 8-256] done synthesizing module 'pselect_f__parameterized8' (1#1) [/home/davidmc/prep_new_ddr_cache_v2/prep_new_ddr_cache_v2.srcs/sources_1/bd/system/ipshared/0ba0/hdl/axi_lite_ipif_v3_0_vh_rfs.vhd:1534]
INFO: [Synth 8-638] synthesizing module 'pselect_f__parameterized9' [/home/davidmc/prep_new_ddr_cache_v2/prep_new_ddr_cache_v2.srcs/sources_1/bd/system/ipshared/0ba0/hdl/axi_lite_ipif_v3_0_vh_rfs.vhd:1534]
INFO: [Synth 8-256] done synthesizing module 'pselect_f__parameterized9' (1#1) [/home/davidmc/prep_new_ddr_cache_v2/prep_new_ddr_cache_v2.srcs/sources_1/bd/system/ipshared/0ba0/hdl/axi_lite_ipif_v3_0_vh_rfs.vhd:1534]
INFO: [Synth 8-638] synthesizing module 'pselect_f__parameterized10' [/home/davidmc/prep_new_ddr_cache_v2/prep_new_ddr_cache_v2.srcs/sources_1/bd/system/ipshared/0ba0/hdl/axi_lite_ipif_v3_0_vh_rfs.vhd:1534]
INFO: [Synth 8-256] done synthesizing module 'pselect_f__parameterized10' (1#1) [/home/davidmc/prep_new_ddr_cache_v2/prep_new_ddr_cache_v2.srcs/sources_1/bd/system/ipshared/0ba0/hdl/axi_lite_ipif_v3_0_vh_rfs.vhd:1534]
INFO: [Synth 8-638] synthesizing module 'pselect_f__parameterized11' [/home/davidmc/prep_new_ddr_cache_v2/prep_new_ddr_cache_v2.srcs/sources_1/bd/system/ipshared/0ba0/hdl/axi_lite_ipif_v3_0_vh_rfs.vhd:1534]
INFO: [Synth 8-256] done synthesizing module 'pselect_f__parameterized11' (1#1) [/home/davidmc/prep_new_ddr_cache_v2/prep_new_ddr_cache_v2.srcs/sources_1/bd/system/ipshared/0ba0/hdl/axi_lite_ipif_v3_0_vh_rfs.vhd:1534]
INFO: [Synth 8-638] synthesizing module 'pselect_f__parameterized12' [/home/davidmc/prep_new_ddr_cache_v2/prep_new_ddr_cache_v2.srcs/sources_1/bd/system/ipshared/0ba0/hdl/axi_lite_ipif_v3_0_vh_rfs.vhd:1534]
INFO: [Synth 8-256] done synthesizing module 'pselect_f__parameterized12' (1#1) [/home/davidmc/prep_new_ddr_cache_v2/prep_new_ddr_cache_v2.srcs/sources_1/bd/system/ipshared/0ba0/hdl/axi_lite_ipif_v3_0_vh_rfs.vhd:1534]
INFO: [Synth 8-638] synthesizing module 'pselect_f__parameterized13' [/home/davidmc/prep_new_ddr_cache_v2/prep_new_ddr_cache_v2.srcs/sources_1/bd/system/ipshared/0ba0/hdl/axi_lite_ipif_v3_0_vh_rfs.vhd:1534]
INFO: [Synth 8-256] done synthesizing module 'pselect_f__parameterized13' (1#1) [/home/davidmc/prep_new_ddr_cache_v2/prep_new_ddr_cache_v2.srcs/sources_1/bd/system/ipshared/0ba0/hdl/axi_lite_ipif_v3_0_vh_rfs.vhd:1534]
INFO: [Synth 8-638] synthesizing module 'pselect_f__parameterized14' [/home/davidmc/prep_new_ddr_cache_v2/prep_new_ddr_cache_v2.srcs/sources_1/bd/system/ipshared/0ba0/hdl/axi_lite_ipif_v3_0_vh_rfs.vhd:1534]
INFO: [Synth 8-256] done synthesizing module 'pselect_f__parameterized14' (1#1) [/home/davidmc/prep_new_ddr_cache_v2/prep_new_ddr_cache_v2.srcs/sources_1/bd/system/ipshared/0ba0/hdl/axi_lite_ipif_v3_0_vh_rfs.vhd:1534]
INFO: [Synth 8-638] synthesizing module 'pselect_f__parameterized15' [/home/davidmc/prep_new_ddr_cache_v2/prep_new_ddr_cache_v2.srcs/sources_1/bd/system/ipshared/0ba0/hdl/axi_lite_ipif_v3_0_vh_rfs.vhd:1534]
INFO: [Synth 8-256] done synthesizing module 'pselect_f__parameterized15' (1#1) [/home/davidmc/prep_new_ddr_cache_v2/prep_new_ddr_cache_v2.srcs/sources_1/bd/system/ipshared/0ba0/hdl/axi_lite_ipif_v3_0_vh_rfs.vhd:1534]
INFO: [Synth 8-638] synthesizing module 'pselect_f__parameterized16' [/home/davidmc/prep_new_ddr_cache_v2/prep_new_ddr_cache_v2.srcs/sources_1/bd/system/ipshared/0ba0/hdl/axi_lite_ipif_v3_0_vh_rfs.vhd:1534]
INFO: [Synth 8-256] done synthesizing module 'pselect_f__parameterized16' (1#1) [/home/davidmc/prep_new_ddr_cache_v2/prep_new_ddr_cache_v2.srcs/sources_1/bd/system/ipshared/0ba0/hdl/axi_lite_ipif_v3_0_vh_rfs.vhd:1534]
INFO: [Synth 8-638] synthesizing module 'pselect_f__parameterized17' [/home/davidmc/prep_new_ddr_cache_v2/prep_new_ddr_cache_v2.srcs/sources_1/bd/system/ipshared/0ba0/hdl/axi_lite_ipif_v3_0_vh_rfs.vhd:1534]
INFO: [Synth 8-256] done synthesizing module 'pselect_f__parameterized17' (1#1) [/home/davidmc/prep_new_ddr_cache_v2/prep_new_ddr_cache_v2.srcs/sources_1/bd/system/ipshared/0ba0/hdl/axi_lite_ipif_v3_0_vh_rfs.vhd:1534]
INFO: [Synth 8-638] synthesizing module 'pselect_f__parameterized18' [/home/davidmc/prep_new_ddr_cache_v2/prep_new_ddr_cache_v2.srcs/sources_1/bd/system/ipshared/0ba0/hdl/axi_lite_ipif_v3_0_vh_rfs.vhd:1534]
INFO: [Synth 8-256] done synthesizing module 'pselect_f__parameterized18' (1#1) [/home/davidmc/prep_new_ddr_cache_v2/prep_new_ddr_cache_v2.srcs/sources_1/bd/system/ipshared/0ba0/hdl/axi_lite_ipif_v3_0_vh_rfs.vhd:1534]
INFO: [Synth 8-638] synthesizing module 'pselect_f__parameterized19' [/home/davidmc/prep_new_ddr_cache_v2/prep_new_ddr_cache_v2.srcs/sources_1/bd/system/ipshared/0ba0/hdl/axi_lite_ipif_v3_0_vh_rfs.vhd:1534]
INFO: [Synth 8-256] done synthesizing module 'pselect_f__parameterized19' (1#1) [/home/davidmc/prep_new_ddr_cache_v2/prep_new_ddr_cache_v2.srcs/sources_1/bd/system/ipshared/0ba0/hdl/axi_lite_ipif_v3_0_vh_rfs.vhd:1534]
INFO: [Synth 8-638] synthesizing module 'pselect_f__parameterized20' [/home/davidmc/prep_new_ddr_cache_v2/prep_new_ddr_cache_v2.srcs/sources_1/bd/system/ipshared/0ba0/hdl/axi_lite_ipif_v3_0_vh_rfs.vhd:1534]
INFO: [Synth 8-256] done synthesizing module 'pselect_f__parameterized20' (1#1) [/home/davidmc/prep_new_ddr_cache_v2/prep_new_ddr_cache_v2.srcs/sources_1/bd/system/ipshared/0ba0/hdl/axi_lite_ipif_v3_0_vh_rfs.vhd:1534]
INFO: [Synth 8-256] done synthesizing module 'address_decoder' (2#1) [/home/davidmc/prep_new_ddr_cache_v2/prep_new_ddr_cache_v2.srcs/sources_1/bd/system/ipshared/0ba0/hdl/axi_lite_ipif_v3_0_vh_rfs.vhd:1775]
INFO: [Synth 8-256] done synthesizing module 'slave_attachment' (3#1) [/home/davidmc/prep_new_ddr_cache_v2/prep_new_ddr_cache_v2.srcs/sources_1/bd/system/ipshared/0ba0/hdl/axi_lite_ipif_v3_0_vh_rfs.vhd:2341]
INFO: [Synth 8-256] done synthesizing module 'axi_lite_ipif' (4#1) [/home/davidmc/prep_new_ddr_cache_v2/prep_new_ddr_cache_v2.srcs/sources_1/bd/system/ipshared/0ba0/hdl/axi_lite_ipif_v3_0_vh_rfs.vhd:2948]
INFO: [Synth 8-638] synthesizing module 'interrupt_control' [/home/davidmc/prep_new_ddr_cache_v2/prep_new_ddr_cache_v2.srcs/sources_1/bd/system/ipshared/e956/hdl/interrupt_control_v3_1_vh_rfs.vhd:259]
INFO: [Synth 8-256] done synthesizing module 'interrupt_control' (5#1) [/home/davidmc/prep_new_ddr_cache_v2/prep_new_ddr_cache_v2.srcs/sources_1/bd/system/ipshared/e956/hdl/interrupt_control_v3_1_vh_rfs.vhd:259]
INFO: [Synth 8-638] synthesizing module 'GPIO_Core' [/home/davidmc/prep_new_ddr_cache_v2/prep_new_ddr_cache_v2.srcs/sources_1/bd/system/ipshared/cb07/hdl/axi_gpio_v2_0_vh_rfs.vhd:177]
INFO: [Synth 8-638] synthesizing module 'cdc_sync' [/home/davidmc/prep_new_ddr_cache_v2/prep_new_ddr_cache_v2.srcs/sources_1/bd/system/ipshared/52cb/hdl/lib_cdc_v1_0_rfs.vhd:106]
INFO: [Synth 8-256] done synthesizing module 'cdc_sync' (6#1) [/home/davidmc/prep_new_ddr_cache_v2/prep_new_ddr_cache_v2.srcs/sources_1/bd/system/ipshared/52cb/hdl/lib_cdc_v1_0_rfs.vhd:106]
INFO: [Synth 8-256] done synthesizing module 'GPIO_Core' (7#1) [/home/davidmc/prep_new_ddr_cache_v2/prep_new_ddr_cache_v2.srcs/sources_1/bd/system/ipshared/cb07/hdl/axi_gpio_v2_0_vh_rfs.vhd:177]
INFO: [Synth 8-256] done synthesizing module 'axi_gpio' (8#1) [/home/davidmc/prep_new_ddr_cache_v2/prep_new_ddr_cache_v2.srcs/sources_1/bd/system/ipshared/cb07/hdl/axi_gpio_v2_0_vh_rfs.vhd:1257]
INFO: [Synth 8-256] done synthesizing module 'system_axi_gpio_2_0' (9#1) [/home/davidmc/prep_new_ddr_cache_v2/prep_new_ddr_cache_v2.srcs/sources_1/bd/system/ip/system_axi_gpio_2_0/synth/system_axi_gpio_2_0.vhd:85]
Finished RTL Elaboration : Time (s): cpu = 00:00:05 ; elapsed = 00:00:05 . Memory (MB): peak = 1203.441 ; gain = 105.496 ; free physical = 4307 ; free virtual = 39060
Finished RTL Optimization Phase 1 : Time (s): cpu = 00:00:05 ; elapsed = 00:00:05 . Memory (MB): peak = 1203.441 ; gain = 105.496 ; free physical = 4318 ; free virtual = 39071
INFO: [Device 21-403] Loading part xc7a100tcsg324-1
Constraint Validation Runtime : Time (s): cpu = 00:00:00.03 ; elapsed = 00:00:00.02 . Memory (MB): peak = 1572.352 ; gain = 0.000 ; free physical = 3953 ; free virtual = 38707
Finished Constraint Validation : Time (s): cpu = 00:00:13 ; elapsed = 00:00:14 . Memory (MB): peak = 1572.352 ; gain = 474.406 ; free physical = 4116 ; free virtual = 38870
Finished Loading Part and Timing Information : Time (s): cpu = 00:00:13 ; elapsed = 00:00:14 . Memory (MB): peak = 1572.352 ; gain = 474.406 ; free physical = 4116 ; free virtual = 38870
Finished applying 'set_property' XDC Constraints : Time (s): cpu = 00:00:13 ; elapsed = 00:00:14 . Memory (MB): peak = 1572.352 ; gain = 474.406 ; free physical = 4118 ; free virtual = 38872
Finished RTL Optimization Phase 2 : Time (s): cpu = 00:00:14 ; elapsed = 00:00:14 . Memory (MB): peak = 1572.352 ; gain = 474.406 ; free physical = 4110 ; free virtual = 38863
Finished Cross Boundary and Area Optimization : Time (s): cpu = 00:00:14 ; elapsed = 00:00:15 . Memory (MB): peak = 1572.352 ; gain = 474.406 ; free physical = 4090 ; free virtual = 38849
Finished Applying XDC Timing Constraints : Time (s): cpu = 00:00:21 ; elapsed = 00:00:22 . Memory (MB): peak = 1572.352 ; gain = 474.406 ; free physical = 3945 ; free virtual = 38698
Finished Timing Optimization : Time (s): cpu = 00:00:21 ; elapsed = 00:00:22 . Memory (MB): peak = 1572.352 ; gain = 474.406 ; free physical = 3943 ; free virtual = 38696
Finished Technology Mapping : Time (s): cpu = 00:00:21 ; elapsed = 00:00:22 . Memory (MB): peak = 1572.352 ; gain = 474.406 ; free physical = 3942 ; free virtual = 38696
Finished IO Insertion : Time (s): cpu = 00:00:22 ; elapsed = 00:00:22 . Memory (MB): peak = 1572.352 ; gain = 474.406 ; free physical = 3933 ; free virtual = 38686
Finished Renaming Generated Instances : Time (s): cpu = 00:00:22 ; elapsed = 00:00:22 . Memory (MB): peak = 1572.352 ; gain = 474.406 ; free physical = 3933 ; free virtual = 38686
Finished Rebuilding User Hierarchy : Time (s): cpu = 00:00:22 ; elapsed = 00:00:22 . Memory (MB): peak = 1572.352 ; gain = 474.406 ; free physical = 3933 ; free virtual = 38686
Finished Renaming Generated Ports : Time (s): cpu = 00:00:22 ; elapsed = 00:00:22 . Memory (MB): peak = 1572.352 ; gain = 474.406 ; free physical = 3933 ; free virtual = 38686
Finished Handling Custom Attributes : Time (s): cpu = 00:00:22 ; elapsed = 00:00:22 . Memory (MB): peak = 1572.352 ; gain = 474.406 ; free physical = 3933 ; free virtual = 38686
Finished Renaming Generated Nets : Time (s): cpu = 00:00:22 ; elapsed = 00:00:22 . Memory (MB): peak = 1572.352 ; gain = 474.406 ; free physical = 3933 ; free virtual = 38686

Report Cell Usage: 
+------+-----+------+
|      |Cell |Count |
+------+-----+------+
|1     |LUT1 |     2|
|2     |LUT2 |     7|
|3     |LUT3 |     7|
|4     |LUT4 |    16|
|5     |LUT5 |    20|
|6     |LUT6 |    30|
|7     |FDR  |     8|
|8     |FDRE |    69|
|9     |FDSE |     4|
+------+-----+------+
Finished Writing Synthesis Report : Time (s): cpu = 00:00:22 ; elapsed = 00:00:22 . Memory (MB): peak = 1572.352 ; gain = 474.406 ; free physical = 3933 ; free virtual = 38686
synth_design: Time (s): cpu = 00:00:23 ; elapsed = 00:00:23 . Memory (MB): peak = 1572.359 ; gain = 487.000 ; free physical = 3953 ; free virtual = 38716
