
*** Running vivado
    with args -log system_rst_mig_7series_0_100M_0.vds -m64 -product Vivado -mode batch -messageDb vivado.pb -notrace -source system_rst_mig_7series_0_100M_0.tcl


****** Vivado v2017.2 (64-bit)
  **** SW Build 1909853 on Thu Jun 15 18:39:10 MDT 2017
  **** IP Build 1909766 on Thu Jun 15 19:58:00 MDT 2017
    ** Copyright 1986-2017 Xilinx, Inc. All Rights Reserved.

source system_rst_mig_7series_0_100M_0.tcl -notrace
Starting RTL Elaboration : Time (s): cpu = 00:00:04 ; elapsed = 00:00:04 . Memory (MB): peak = 1151.945 ; gain = 53.996 ; free physical = 4659 ; free virtual = 41448
INFO: [Synth 8-638] synthesizing module 'system_rst_mig_7series_0_100M_0' [/home/davidmc/prep_new_ddr_cache_v2/prep_new_ddr_cache_v2.srcs/sources_1/bd/system/ip/system_rst_mig_7series_0_100M_0/synth/system_rst_mig_7series_0_100M_0.vhd:74]
INFO: [Synth 8-638] synthesizing module 'proc_sys_reset' [/home/davidmc/prep_new_ddr_cache_v2/prep_new_ddr_cache_v2.srcs/sources_1/bd/system/ipshared/5db7/hdl/proc_sys_reset_v5_0_vh_rfs.vhd:1323]
INFO: [Synth 8-638] synthesizing module 'lpf' [/home/davidmc/prep_new_ddr_cache_v2/prep_new_ddr_cache_v2.srcs/sources_1/bd/system/ipshared/5db7/hdl/proc_sys_reset_v5_0_vh_rfs.vhd:816]
INFO: [Synth 8-638] synthesizing module 'SRL16' [/home/opt/Xilinx/Vivado/2017.2/scripts/rt/data/unisim_comp.v:43657]
INFO: [Synth 8-256] done synthesizing module 'SRL16' (1#1) [/home/opt/Xilinx/Vivado/2017.2/scripts/rt/data/unisim_comp.v:43657]
INFO: [Synth 8-638] synthesizing module 'cdc_sync' [/home/davidmc/prep_new_ddr_cache_v2/prep_new_ddr_cache_v2.srcs/sources_1/bd/system/ipshared/52cb/hdl/lib_cdc_v1_0_rfs.vhd:106]
INFO: [Synth 8-256] done synthesizing module 'cdc_sync' (2#1) [/home/davidmc/prep_new_ddr_cache_v2/prep_new_ddr_cache_v2.srcs/sources_1/bd/system/ipshared/52cb/hdl/lib_cdc_v1_0_rfs.vhd:106]
INFO: [Synth 8-256] done synthesizing module 'lpf' (3#1) [/home/davidmc/prep_new_ddr_cache_v2/prep_new_ddr_cache_v2.srcs/sources_1/bd/system/ipshared/5db7/hdl/proc_sys_reset_v5_0_vh_rfs.vhd:816]
INFO: [Synth 8-638] synthesizing module 'sequence_psr' [/home/davidmc/prep_new_ddr_cache_v2/prep_new_ddr_cache_v2.srcs/sources_1/bd/system/ipshared/5db7/hdl/proc_sys_reset_v5_0_vh_rfs.vhd:301]
INFO: [Synth 8-638] synthesizing module 'upcnt_n' [/home/davidmc/prep_new_ddr_cache_v2/prep_new_ddr_cache_v2.srcs/sources_1/bd/system/ipshared/5db7/hdl/proc_sys_reset_v5_0_vh_rfs.vhd:125]
INFO: [Synth 8-256] done synthesizing module 'upcnt_n' (4#1) [/home/davidmc/prep_new_ddr_cache_v2/prep_new_ddr_cache_v2.srcs/sources_1/bd/system/ipshared/5db7/hdl/proc_sys_reset_v5_0_vh_rfs.vhd:125]
INFO: [Synth 8-256] done synthesizing module 'sequence_psr' (5#1) [/home/davidmc/prep_new_ddr_cache_v2/prep_new_ddr_cache_v2.srcs/sources_1/bd/system/ipshared/5db7/hdl/proc_sys_reset_v5_0_vh_rfs.vhd:301]
INFO: [Synth 8-256] done synthesizing module 'proc_sys_reset' (6#1) [/home/davidmc/prep_new_ddr_cache_v2/prep_new_ddr_cache_v2.srcs/sources_1/bd/system/ipshared/5db7/hdl/proc_sys_reset_v5_0_vh_rfs.vhd:1323]
INFO: [Synth 8-256] done synthesizing module 'system_rst_mig_7series_0_100M_0' (7#1) [/home/davidmc/prep_new_ddr_cache_v2/prep_new_ddr_cache_v2.srcs/sources_1/bd/system/ip/system_rst_mig_7series_0_100M_0/synth/system_rst_mig_7series_0_100M_0.vhd:74]
Finished RTL Elaboration : Time (s): cpu = 00:00:05 ; elapsed = 00:00:05 . Memory (MB): peak = 1193.445 ; gain = 95.496 ; free physical = 4671 ; free virtual = 41460
Finished RTL Optimization Phase 1 : Time (s): cpu = 00:00:05 ; elapsed = 00:00:05 . Memory (MB): peak = 1193.445 ; gain = 95.496 ; free physical = 4671 ; free virtual = 41460
INFO: [Device 21-403] Loading part xc7a100tcsg324-1
Constraint Validation Runtime : Time (s): cpu = 00:00:00.02 ; elapsed = 00:00:00.02 . Memory (MB): peak = 1560.355 ; gain = 0.000 ; free physical = 4451 ; free virtual = 41256
Finished Constraint Validation : Time (s): cpu = 00:00:15 ; elapsed = 00:00:16 . Memory (MB): peak = 1560.355 ; gain = 462.406 ; free physical = 4521 ; free virtual = 41339
Finished Loading Part and Timing Information : Time (s): cpu = 00:00:15 ; elapsed = 00:00:16 . Memory (MB): peak = 1560.355 ; gain = 462.406 ; free physical = 4521 ; free virtual = 41339
Finished applying 'set_property' XDC Constraints : Time (s): cpu = 00:00:15 ; elapsed = 00:00:16 . Memory (MB): peak = 1560.355 ; gain = 462.406 ; free physical = 4522 ; free virtual = 41340
Finished RTL Optimization Phase 2 : Time (s): cpu = 00:00:15 ; elapsed = 00:00:16 . Memory (MB): peak = 1560.355 ; gain = 462.406 ; free physical = 4512 ; free virtual = 41330
Finished Cross Boundary and Area Optimization : Time (s): cpu = 00:00:15 ; elapsed = 00:00:16 . Memory (MB): peak = 1560.355 ; gain = 462.406 ; free physical = 4503 ; free virtual = 41322
Finished Applying XDC Timing Constraints : Time (s): cpu = 00:00:22 ; elapsed = 00:00:23 . Memory (MB): peak = 1560.355 ; gain = 462.406 ; free physical = 5089 ; free virtual = 41898
Finished Timing Optimization : Time (s): cpu = 00:00:22 ; elapsed = 00:00:23 . Memory (MB): peak = 1560.355 ; gain = 462.406 ; free physical = 5089 ; free virtual = 41898
Finished Technology Mapping : Time (s): cpu = 00:00:22 ; elapsed = 00:00:23 . Memory (MB): peak = 1560.355 ; gain = 462.406 ; free physical = 5088 ; free virtual = 41897
Finished IO Insertion : Time (s): cpu = 00:00:23 ; elapsed = 00:00:24 . Memory (MB): peak = 1560.355 ; gain = 462.406 ; free physical = 5083 ; free virtual = 41892
Finished Renaming Generated Instances : Time (s): cpu = 00:00:23 ; elapsed = 00:00:24 . Memory (MB): peak = 1560.355 ; gain = 462.406 ; free physical = 5083 ; free virtual = 41892
Finished Rebuilding User Hierarchy : Time (s): cpu = 00:00:23 ; elapsed = 00:00:24 . Memory (MB): peak = 1560.355 ; gain = 462.406 ; free physical = 5083 ; free virtual = 41892
Finished Renaming Generated Ports : Time (s): cpu = 00:00:23 ; elapsed = 00:00:24 . Memory (MB): peak = 1560.355 ; gain = 462.406 ; free physical = 5083 ; free virtual = 41892
Finished Handling Custom Attributes : Time (s): cpu = 00:00:23 ; elapsed = 00:00:24 . Memory (MB): peak = 1560.355 ; gain = 462.406 ; free physical = 5083 ; free virtual = 41892
Finished Renaming Generated Nets : Time (s): cpu = 00:00:23 ; elapsed = 00:00:24 . Memory (MB): peak = 1560.355 ; gain = 462.406 ; free physical = 5083 ; free virtual = 41892

Report Cell Usage: 
+------+------+------+
|      |Cell  |Count |
+------+------+------+
|1     |LUT1  |     5|
|2     |LUT2  |     9|
|3     |LUT3  |     1|
|4     |LUT4  |     6|
|5     |LUT5  |     3|
|6     |LUT6  |     1|
|7     |SRL16 |     1|
|8     |FDR   |     8|
|9     |FDRE  |    28|
|10    |FDSE  |     4|
+------+------+------+
Finished Writing Synthesis Report : Time (s): cpu = 00:00:23 ; elapsed = 00:00:24 . Memory (MB): peak = 1560.355 ; gain = 462.406 ; free physical = 5083 ; free virtual = 41892
synth_design: Time (s): cpu = 00:00:24 ; elapsed = 00:00:25 . Memory (MB): peak = 1560.363 ; gain = 475.000 ; free physical = 5088 ; free virtual = 41898
