
*** Running vivado
    with args -log system_xbar_0.vds -m64 -product Vivado -mode batch -messageDb vivado.pb -notrace -source system_xbar_0.tcl


****** Vivado v2017.2 (64-bit)
  **** SW Build 1909853 on Thu Jun 15 18:39:10 MDT 2017
  **** IP Build 1909766 on Thu Jun 15 19:58:00 MDT 2017
    ** Copyright 1986-2017 Xilinx, Inc. All Rights Reserved.

source system_xbar_0.tcl -notrace
Starting RTL Elaboration : Time (s): cpu = 00:00:04 ; elapsed = 00:00:04 . Memory (MB): peak = 1198.559 ; gain = 79.996 ; free physical = 151 ; free virtual = 3297
INFO: [Synth 8-638] synthesizing module 'system_xbar_0' [/home/gokul/playground/xilinx/ece253lab/prj_gob/prj_gob.srcs/sources_1/bd/system/ip/system_xbar_0/synth/system_xbar_0.v:60]
INFO: [Synth 8-638] synthesizing module 'axi_crossbar_v2_1_14_axi_crossbar' [/home/gokul/playground/xilinx/ece253lab/prj_gob/prj_gob.srcs/sources_1/bd/system/ipshared/f582/hdl/axi_crossbar_v2_1_vl_rfs.v:4882]
INFO: [Synth 8-638] synthesizing module 'axi_crossbar_v2_1_14_crossbar_sasd' [/home/gokul/playground/xilinx/ece253lab/prj_gob/prj_gob.srcs/sources_1/bd/system/ipshared/f582/hdl/axi_crossbar_v2_1_vl_rfs.v:1240]
INFO: [Synth 8-638] synthesizing module 'axi_crossbar_v2_1_14_addr_decoder' [/home/gokul/playground/xilinx/ece253lab/prj_gob/prj_gob.srcs/sources_1/bd/system/ipshared/f582/hdl/axi_crossbar_v2_1_vl_rfs.v:794]
INFO: [Synth 8-638] synthesizing module 'generic_baseblocks_v2_1_0_comparator_static' [/home/gokul/playground/xilinx/ece253lab/prj_gob/prj_gob.srcs/sources_1/bd/system/ipshared/f9c1/hdl/generic_baseblocks_v2_1_vl_rfs.v:2133]
INFO: [Synth 8-638] synthesizing module 'generic_baseblocks_v2_1_0_carry_and' [/home/gokul/playground/xilinx/ece253lab/prj_gob/prj_gob.srcs/sources_1/bd/system/ipshared/f9c1/hdl/generic_baseblocks_v2_1_vl_rfs.v:62]
INFO: [Synth 8-256] done synthesizing module 'generic_baseblocks_v2_1_0_carry_and' (1#1) [/home/gokul/playground/xilinx/ece253lab/prj_gob/prj_gob.srcs/sources_1/bd/system/ipshared/f9c1/hdl/generic_baseblocks_v2_1_vl_rfs.v:62]
INFO: [Synth 8-256] done synthesizing module 'generic_baseblocks_v2_1_0_comparator_static' (2#1) [/home/gokul/playground/xilinx/ece253lab/prj_gob/prj_gob.srcs/sources_1/bd/system/ipshared/f9c1/hdl/generic_baseblocks_v2_1_vl_rfs.v:2133]
INFO: [Synth 8-638] synthesizing module 'generic_baseblocks_v2_1_0_comparator_static__parameterized0' [/home/gokul/playground/xilinx/ece253lab/prj_gob/prj_gob.srcs/sources_1/bd/system/ipshared/f9c1/hdl/generic_baseblocks_v2_1_vl_rfs.v:2133]
INFO: [Synth 8-256] done synthesizing module 'generic_baseblocks_v2_1_0_comparator_static__parameterized0' (2#1) [/home/gokul/playground/xilinx/ece253lab/prj_gob/prj_gob.srcs/sources_1/bd/system/ipshared/f9c1/hdl/generic_baseblocks_v2_1_vl_rfs.v:2133]
INFO: [Synth 8-638] synthesizing module 'generic_baseblocks_v2_1_0_comparator_static__parameterized1' [/home/gokul/playground/xilinx/ece253lab/prj_gob/prj_gob.srcs/sources_1/bd/system/ipshared/f9c1/hdl/generic_baseblocks_v2_1_vl_rfs.v:2133]
INFO: [Synth 8-256] done synthesizing module 'generic_baseblocks_v2_1_0_comparator_static__parameterized1' (2#1) [/home/gokul/playground/xilinx/ece253lab/prj_gob/prj_gob.srcs/sources_1/bd/system/ipshared/f9c1/hdl/generic_baseblocks_v2_1_vl_rfs.v:2133]
INFO: [Synth 8-638] synthesizing module 'generic_baseblocks_v2_1_0_comparator_static__parameterized2' [/home/gokul/playground/xilinx/ece253lab/prj_gob/prj_gob.srcs/sources_1/bd/system/ipshared/f9c1/hdl/generic_baseblocks_v2_1_vl_rfs.v:2133]
INFO: [Synth 8-256] done synthesizing module 'generic_baseblocks_v2_1_0_comparator_static__parameterized2' (2#1) [/home/gokul/playground/xilinx/ece253lab/prj_gob/prj_gob.srcs/sources_1/bd/system/ipshared/f9c1/hdl/generic_baseblocks_v2_1_vl_rfs.v:2133]
INFO: [Synth 8-638] synthesizing module 'generic_baseblocks_v2_1_0_comparator_static__parameterized3' [/home/gokul/playground/xilinx/ece253lab/prj_gob/prj_gob.srcs/sources_1/bd/system/ipshared/f9c1/hdl/generic_baseblocks_v2_1_vl_rfs.v:2133]
INFO: [Synth 8-256] done synthesizing module 'generic_baseblocks_v2_1_0_comparator_static__parameterized3' (2#1) [/home/gokul/playground/xilinx/ece253lab/prj_gob/prj_gob.srcs/sources_1/bd/system/ipshared/f9c1/hdl/generic_baseblocks_v2_1_vl_rfs.v:2133]
INFO: [Synth 8-638] synthesizing module 'generic_baseblocks_v2_1_0_comparator_static__parameterized4' [/home/gokul/playground/xilinx/ece253lab/prj_gob/prj_gob.srcs/sources_1/bd/system/ipshared/f9c1/hdl/generic_baseblocks_v2_1_vl_rfs.v:2133]
INFO: [Synth 8-256] done synthesizing module 'generic_baseblocks_v2_1_0_comparator_static__parameterized4' (2#1) [/home/gokul/playground/xilinx/ece253lab/prj_gob/prj_gob.srcs/sources_1/bd/system/ipshared/f9c1/hdl/generic_baseblocks_v2_1_vl_rfs.v:2133]
INFO: [Synth 8-638] synthesizing module 'generic_baseblocks_v2_1_0_comparator_static__parameterized5' [/home/gokul/playground/xilinx/ece253lab/prj_gob/prj_gob.srcs/sources_1/bd/system/ipshared/f9c1/hdl/generic_baseblocks_v2_1_vl_rfs.v:2133]
INFO: [Synth 8-256] done synthesizing module 'generic_baseblocks_v2_1_0_comparator_static__parameterized5' (2#1) [/home/gokul/playground/xilinx/ece253lab/prj_gob/prj_gob.srcs/sources_1/bd/system/ipshared/f9c1/hdl/generic_baseblocks_v2_1_vl_rfs.v:2133]
INFO: [Synth 8-638] synthesizing module 'generic_baseblocks_v2_1_0_comparator_static__parameterized6' [/home/gokul/playground/xilinx/ece253lab/prj_gob/prj_gob.srcs/sources_1/bd/system/ipshared/f9c1/hdl/generic_baseblocks_v2_1_vl_rfs.v:2133]
INFO: [Synth 8-256] done synthesizing module 'generic_baseblocks_v2_1_0_comparator_static__parameterized6' (2#1) [/home/gokul/playground/xilinx/ece253lab/prj_gob/prj_gob.srcs/sources_1/bd/system/ipshared/f9c1/hdl/generic_baseblocks_v2_1_vl_rfs.v:2133]
INFO: [Synth 8-638] synthesizing module 'generic_baseblocks_v2_1_0_comparator_static__parameterized7' [/home/gokul/playground/xilinx/ece253lab/prj_gob/prj_gob.srcs/sources_1/bd/system/ipshared/f9c1/hdl/generic_baseblocks_v2_1_vl_rfs.v:2133]
INFO: [Synth 8-256] done synthesizing module 'generic_baseblocks_v2_1_0_comparator_static__parameterized7' (2#1) [/home/gokul/playground/xilinx/ece253lab/prj_gob/prj_gob.srcs/sources_1/bd/system/ipshared/f9c1/hdl/generic_baseblocks_v2_1_vl_rfs.v:2133]
INFO: [Synth 8-638] synthesizing module 'generic_baseblocks_v2_1_0_comparator_static__parameterized8' [/home/gokul/playground/xilinx/ece253lab/prj_gob/prj_gob.srcs/sources_1/bd/system/ipshared/f9c1/hdl/generic_baseblocks_v2_1_vl_rfs.v:2133]
INFO: [Synth 8-256] done synthesizing module 'generic_baseblocks_v2_1_0_comparator_static__parameterized8' (2#1) [/home/gokul/playground/xilinx/ece253lab/prj_gob/prj_gob.srcs/sources_1/bd/system/ipshared/f9c1/hdl/generic_baseblocks_v2_1_vl_rfs.v:2133]
INFO: [Synth 8-256] done synthesizing module 'axi_crossbar_v2_1_14_addr_decoder' (3#1) [/home/gokul/playground/xilinx/ece253lab/prj_gob/prj_gob.srcs/sources_1/bd/system/ipshared/f582/hdl/axi_crossbar_v2_1_vl_rfs.v:794]
INFO: [Synth 8-638] synthesizing module 'axi_crossbar_v2_1_14_decerr_slave' [/home/gokul/playground/xilinx/ece253lab/prj_gob/prj_gob.srcs/sources_1/bd/system/ipshared/f582/hdl/axi_crossbar_v2_1_vl_rfs.v:3500]
INFO: [Synth 8-256] done synthesizing module 'axi_crossbar_v2_1_14_decerr_slave' (4#1) [/home/gokul/playground/xilinx/ece253lab/prj_gob/prj_gob.srcs/sources_1/bd/system/ipshared/f582/hdl/axi_crossbar_v2_1_vl_rfs.v:3500]
INFO: [Synth 8-638] synthesizing module 'axi_crossbar_v2_1_14_addr_arbiter_sasd' [/home/gokul/playground/xilinx/ece253lab/prj_gob/prj_gob.srcs/sources_1/bd/system/ipshared/f582/hdl/axi_crossbar_v2_1_vl_rfs.v:65]
INFO: [Synth 8-256] done synthesizing module 'axi_crossbar_v2_1_14_addr_arbiter_sasd' (5#1) [/home/gokul/playground/xilinx/ece253lab/prj_gob/prj_gob.srcs/sources_1/bd/system/ipshared/f582/hdl/axi_crossbar_v2_1_vl_rfs.v:65]
INFO: [Synth 8-638] synthesizing module 'axi_crossbar_v2_1_14_splitter' [/home/gokul/playground/xilinx/ece253lab/prj_gob/prj_gob.srcs/sources_1/bd/system/ipshared/f582/hdl/axi_crossbar_v2_1_vl_rfs.v:4459]
INFO: [Synth 8-256] done synthesizing module 'axi_crossbar_v2_1_14_splitter' (6#1) [/home/gokul/playground/xilinx/ece253lab/prj_gob/prj_gob.srcs/sources_1/bd/system/ipshared/f582/hdl/axi_crossbar_v2_1_vl_rfs.v:4459]
INFO: [Synth 8-638] synthesizing module 'axi_crossbar_v2_1_14_splitter__parameterized0' [/home/gokul/playground/xilinx/ece253lab/prj_gob/prj_gob.srcs/sources_1/bd/system/ipshared/f582/hdl/axi_crossbar_v2_1_vl_rfs.v:4459]
INFO: [Synth 8-256] done synthesizing module 'axi_crossbar_v2_1_14_splitter__parameterized0' (6#1) [/home/gokul/playground/xilinx/ece253lab/prj_gob/prj_gob.srcs/sources_1/bd/system/ipshared/f582/hdl/axi_crossbar_v2_1_vl_rfs.v:4459]
INFO: [Synth 8-638] synthesizing module 'generic_baseblocks_v2_1_0_mux_enc' [/home/gokul/playground/xilinx/ece253lab/prj_gob/prj_gob.srcs/sources_1/bd/system/ipshared/f9c1/hdl/generic_baseblocks_v2_1_vl_rfs.v:2452]
INFO: [Synth 8-256] done synthesizing module 'generic_baseblocks_v2_1_0_mux_enc' (7#1) [/home/gokul/playground/xilinx/ece253lab/prj_gob/prj_gob.srcs/sources_1/bd/system/ipshared/f9c1/hdl/generic_baseblocks_v2_1_vl_rfs.v:2452]
INFO: [Synth 8-638] synthesizing module 'generic_baseblocks_v2_1_0_mux_enc__parameterized0' [/home/gokul/playground/xilinx/ece253lab/prj_gob/prj_gob.srcs/sources_1/bd/system/ipshared/f9c1/hdl/generic_baseblocks_v2_1_vl_rfs.v:2452]
INFO: [Synth 8-256] done synthesizing module 'generic_baseblocks_v2_1_0_mux_enc__parameterized0' (7#1) [/home/gokul/playground/xilinx/ece253lab/prj_gob/prj_gob.srcs/sources_1/bd/system/ipshared/f9c1/hdl/generic_baseblocks_v2_1_vl_rfs.v:2452]
INFO: [Synth 8-638] synthesizing module 'generic_baseblocks_v2_1_0_mux_enc__parameterized1' [/home/gokul/playground/xilinx/ece253lab/prj_gob/prj_gob.srcs/sources_1/bd/system/ipshared/f9c1/hdl/generic_baseblocks_v2_1_vl_rfs.v:2452]
INFO: [Synth 8-256] done synthesizing module 'generic_baseblocks_v2_1_0_mux_enc__parameterized1' (7#1) [/home/gokul/playground/xilinx/ece253lab/prj_gob/prj_gob.srcs/sources_1/bd/system/ipshared/f9c1/hdl/generic_baseblocks_v2_1_vl_rfs.v:2452]
INFO: [Synth 8-638] synthesizing module 'axi_register_slice_v2_1_13_axic_register_slice' [/home/gokul/playground/xilinx/ece253lab/prj_gob/prj_gob.srcs/sources_1/bd/system/ipshared/55c0/hdl/axi_register_slice_v2_1_vl_rfs.v:85]
INFO: [Synth 8-256] done synthesizing module 'axi_register_slice_v2_1_13_axic_register_slice' (8#1) [/home/gokul/playground/xilinx/ece253lab/prj_gob/prj_gob.srcs/sources_1/bd/system/ipshared/55c0/hdl/axi_register_slice_v2_1_vl_rfs.v:85]
INFO: [Synth 8-638] synthesizing module 'generic_baseblocks_v2_1_0_mux_enc__parameterized2' [/home/gokul/playground/xilinx/ece253lab/prj_gob/prj_gob.srcs/sources_1/bd/system/ipshared/f9c1/hdl/generic_baseblocks_v2_1_vl_rfs.v:2452]
INFO: [Synth 8-256] done synthesizing module 'generic_baseblocks_v2_1_0_mux_enc__parameterized2' (8#1) [/home/gokul/playground/xilinx/ece253lab/prj_gob/prj_gob.srcs/sources_1/bd/system/ipshared/f9c1/hdl/generic_baseblocks_v2_1_vl_rfs.v:2452]
INFO: [Synth 8-256] done synthesizing module 'axi_crossbar_v2_1_14_crossbar_sasd' (9#1) [/home/gokul/playground/xilinx/ece253lab/prj_gob/prj_gob.srcs/sources_1/bd/system/ipshared/f582/hdl/axi_crossbar_v2_1_vl_rfs.v:1240]
INFO: [Synth 8-256] done synthesizing module 'axi_crossbar_v2_1_14_axi_crossbar' (10#1) [/home/gokul/playground/xilinx/ece253lab/prj_gob/prj_gob.srcs/sources_1/bd/system/ipshared/f582/hdl/axi_crossbar_v2_1_vl_rfs.v:4882]
INFO: [Synth 8-256] done synthesizing module 'system_xbar_0' (11#1) [/home/gokul/playground/xilinx/ece253lab/prj_gob/prj_gob.srcs/sources_1/bd/system/ip/system_xbar_0/synth/system_xbar_0.v:60]
Finished RTL Elaboration : Time (s): cpu = 00:00:06 ; elapsed = 00:00:07 . Memory (MB): peak = 1319.059 ; gain = 200.496 ; free physical = 270 ; free virtual = 3335
Finished RTL Optimization Phase 1 : Time (s): cpu = 00:00:07 ; elapsed = 00:00:07 . Memory (MB): peak = 1319.059 ; gain = 200.496 ; free physical = 271 ; free virtual = 3337
INFO: [Device 21-403] Loading part xc7a100tcsg324-1
Constraint Validation Runtime : Time (s): cpu = 00:00:00.06 ; elapsed = 00:00:00.05 . Memory (MB): peak = 1640.316 ; gain = 0.000 ; free physical = 139 ; free virtual = 2819
Finished Constraint Validation : Time (s): cpu = 00:00:14 ; elapsed = 00:01:35 . Memory (MB): peak = 1640.316 ; gain = 521.754 ; free physical = 126 ; free virtual = 2716
Finished Loading Part and Timing Information : Time (s): cpu = 00:00:14 ; elapsed = 00:01:35 . Memory (MB): peak = 1640.316 ; gain = 521.754 ; free physical = 126 ; free virtual = 2715
Finished applying 'set_property' XDC Constraints : Time (s): cpu = 00:00:14 ; elapsed = 00:01:35 . Memory (MB): peak = 1640.316 ; gain = 521.754 ; free physical = 124 ; free virtual = 2714
Finished RTL Optimization Phase 2 : Time (s): cpu = 00:00:15 ; elapsed = 00:01:35 . Memory (MB): peak = 1640.316 ; gain = 521.754 ; free physical = 119 ; free virtual = 2601
Finished Cross Boundary and Area Optimization : Time (s): cpu = 00:00:16 ; elapsed = 00:01:36 . Memory (MB): peak = 1640.316 ; gain = 521.754 ; free physical = 166 ; free virtual = 2520
Finished Applying XDC Timing Constraints : Time (s): cpu = 00:00:21 ; elapsed = 00:01:41 . Memory (MB): peak = 1640.316 ; gain = 521.754 ; free physical = 1698 ; free virtual = 3991
Finished Timing Optimization : Time (s): cpu = 00:00:22 ; elapsed = 00:01:42 . Memory (MB): peak = 1640.316 ; gain = 521.754 ; free physical = 1694 ; free virtual = 3988
Finished Technology Mapping : Time (s): cpu = 00:00:22 ; elapsed = 00:01:42 . Memory (MB): peak = 1640.316 ; gain = 521.754 ; free physical = 1690 ; free virtual = 3984
Finished IO Insertion : Time (s): cpu = 00:00:22 ; elapsed = 00:01:43 . Memory (MB): peak = 1640.316 ; gain = 521.754 ; free physical = 1688 ; free virtual = 3981
Finished Renaming Generated Instances : Time (s): cpu = 00:00:22 ; elapsed = 00:01:43 . Memory (MB): peak = 1640.316 ; gain = 521.754 ; free physical = 1688 ; free virtual = 3981
Finished Rebuilding User Hierarchy : Time (s): cpu = 00:00:22 ; elapsed = 00:01:43 . Memory (MB): peak = 1640.316 ; gain = 521.754 ; free physical = 1688 ; free virtual = 3981
Finished Renaming Generated Ports : Time (s): cpu = 00:00:22 ; elapsed = 00:01:43 . Memory (MB): peak = 1640.316 ; gain = 521.754 ; free physical = 1688 ; free virtual = 3981
Finished Handling Custom Attributes : Time (s): cpu = 00:00:22 ; elapsed = 00:01:43 . Memory (MB): peak = 1640.316 ; gain = 521.754 ; free physical = 1688 ; free virtual = 3981
Finished Renaming Generated Nets : Time (s): cpu = 00:00:22 ; elapsed = 00:01:43 . Memory (MB): peak = 1640.316 ; gain = 521.754 ; free physical = 1688 ; free virtual = 3981

Report Cell Usage: 
+------+-----+------+
|      |Cell |Count |
+------+-----+------+
|1     |LUT1 |     2|
|2     |LUT2 |    17|
|3     |LUT3 |    50|
|4     |LUT4 |    75|
|5     |LUT5 |    44|
|6     |LUT6 |   235|
|7     |FDRE |   140|
+------+-----+------+
Finished Writing Synthesis Report : Time (s): cpu = 00:00:22 ; elapsed = 00:01:43 . Memory (MB): peak = 1640.316 ; gain = 521.754 ; free physical = 1688 ; free virtual = 3981
synth_design: Time (s): cpu = 00:00:23 ; elapsed = 00:01:44 . Memory (MB): peak = 1656.332 ; gain = 550.355 ; free physical = 1709 ; free virtual = 4003
