19:48:56 INFO  : Registering command handlers for SDK TCF services
19:48:59 INFO  : Launching XSCT server: xsct -n -interactive /home/gokul/playground/xilinx/ece253lab/prj_gob/prj_gob.sdk/temp_xsdb_launch_script.tcl
19:49:00 INFO  : XSCT server has started successfully.
19:49:00 INFO  : Successfully done setting XSCT server connection channel  
19:49:00 INFO  : Successfully done setting SDK workspace  
19:49:00 INFO  : Processing command line option -hwspec /home/gokul/playground/xilinx/ece253lab/prj_gob/prj_gob.sdk/system_wrapper.hdf.
19:50:40 INFO  : Processor reset is completed for microblaze_0
19:51:05 INFO  : Processor reset is completed for microblaze_0
19:51:19 INFO  : Processor reset is completed for microblaze_0
19:51:45 ERROR : Unexpected error while parsing XMD response ￿: com.google.gson.JsonSyntaxException: com.google.gson.stream.MalformedJsonException: invalid number or unquoted string near 
19:52:07 INFO  : Registering command handlers for SDK TCF services
19:52:07 INFO  : Launching XSCT server: xsct -n -interactive /home/gokul/playground/xilinx/ece253lab/prj_gob/prj_gob.sdk/temp_xsdb_launch_script.tcl
19:52:08 INFO  : XSCT server has started successfully.
19:52:08 INFO  : Successfully done setting XSCT server connection channel  
19:52:08 INFO  : Successfully done setting SDK workspace  
19:52:08 INFO  : Processing command line option -hwspec /home/gokul/playground/xilinx/ece253lab/prj_gob/prj_gob.sdk/system_wrapper.hdf.
19:52:08 INFO  : Checking for hwspec changes in the project system_wrapper_hw_platform_0.
19:52:13 INFO  : Processor reset is completed for microblaze_0
19:52:58 INFO  : Processor reset is completed for microblaze_0
20:18:10 INFO  : Connected to target on host '127.0.0.1' and port '3121'.
20:20:26 ERROR : Unexpected error while parsing XMD response ￿: com.google.gson.JsonSyntaxException: com.google.gson.stream.MalformedJsonException: invalid number or unquoted string near 
20:27:57 INFO  : Registering command handlers for SDK TCF services
20:27:58 INFO  : Launching XSCT server: xsct -n -interactive /home/gokul/playground/xilinx/ece253lab/prj_gob/prj_gob.sdk/temp_xsdb_launch_script.tcl
20:27:59 INFO  : XSCT server has started successfully.
20:27:59 INFO  : Successfully done setting XSCT server connection channel  
20:27:59 INFO  : Successfully done setting SDK workspace  
20:27:59 INFO  : Processing command line option -hwspec /home/gokul/playground/xilinx/ece253lab/prj_gob/prj_gob.sdk/system_wrapper.hdf.
20:27:59 INFO  : Checking for hwspec changes in the project system_wrapper_hw_platform_0.
20:37:24 INFO  : Processor reset is completed for microblaze_0
20:38:47 INFO  : Processor reset is completed for microblaze_0
20:39:24 ERROR : Unexpected error while fetching XMD's response: 
java.net.SocketException: Connection reset
	at java.net.SocketInputStream.read(SocketInputStream.java:209)
	at java.net.SocketInputStream.read(SocketInputStream.java:141)
	at sun.nio.cs.StreamDecoder.readBytes(StreamDecoder.java:284)
	at sun.nio.cs.StreamDecoder.implRead(StreamDecoder.java:326)
	at sun.nio.cs.StreamDecoder.read(StreamDecoder.java:178)
	at java.io.InputStreamReader.read(InputStreamReader.java:184)
	at java.io.BufferedReader.fill(BufferedReader.java:161)
	at java.io.BufferedReader.read(BufferedReader.java:182)
	at com.xilinx.sdk.targetmanager.internal.json.XMDJSONProcess$CommandResultsReader.run(XMDJSONProcess.java:332)
	at java.lang.Thread.run(Thread.java:745)
20:39:24 ERROR : Zero sized response read from XMD. This indicates a communication error or a programming error.
20:40:11 INFO  : Time out for XMD transaction is 60000
If you want to increase the timeout value, goto Windows-> Preferences -> Xilinx SDK -> XMD Startup
20:40:11 ERROR : Timeout occured while waiting to get reply for command "set_cur_target 0"
20:40:11 ERROR : Unexpected error while issuing command {"command": "set_cur_system"} to XMD: java.net.SocketException: Broken pipe (Write failed)
20:40:11 ERROR : Unexpected error while issuing command {"command": "xreset 0 0x80"} to XMD: java.net.SocketException: Broken pipe (Write failed)
20:40:11 ERROR : Unexpected error while launching program.
java.lang.RuntimeException: 
	at com.xilinx.sdk.targetmanager.internal.TM.doProcessorReset(TM.java:1011)
	at com.xilinx.sdk.debug.core.XilinxAppLaunchConfigurationDelegate.runTargetSetup(XilinxAppLaunchConfigurationDelegate.java:455)
	at com.xilinx.sdk.debug.core.XilinxAppLaunchConfigurationDelegate.runApplication(XilinxAppLaunchConfigurationDelegate.java:616)
	at com.xilinx.sdk.debug.core.XilinxAppLaunchConfigurationDelegate.launch(XilinxAppLaunchConfigurationDelegate.java:309)
	at com.xilinx.sdk.debug.ui.XilinxAppLaunchDelegateWrapper.launch(XilinxAppLaunchDelegateWrapper.java:31)
	at org.eclipse.debug.internal.core.LaunchConfiguration.launch(LaunchConfiguration.java:885)
	at org.eclipse.debug.internal.core.LaunchConfiguration.launch(LaunchConfiguration.java:739)
	at org.eclipse.debug.internal.ui.DebugUIPlugin.buildAndLaunch(DebugUIPlugin.java:1039)
	at org.eclipse.debug.internal.ui.DebugUIPlugin$8.run(DebugUIPlugin.java:1256)
	at org.eclipse.core.internal.jobs.Worker.run(Worker.java:55)
20:40:11 ERROR : Unexpected error while issuing command {"command": "xdisconnect 0"} to XMD: java.net.SocketException: Broken pipe (Write failed)
20:40:11 ERROR : Disconnect target failed.
20:40:16 ERROR : Unexpected error while issuing command {"command": "xfpga_isconfigured -cable type xilinx_tcf url TCP:127.0.0.1:3121 "} to XMD: java.net.SocketException: Broken pipe (Write failed)
20:40:16 ERROR : Checking FPGA configuration failed..
20:40:16 ERROR : Unexpected error while launching program.
com.xilinx.sdk.targetmanager.TMException: 
	at com.xilinx.sdk.targetmanager.internal.TM.isFPGAConfigured(TM.java:374)
	at com.xilinx.sdk.debug.core.XilinxAppLaunchConfigurationDelegate.isFpgaConfigured(XilinxAppLaunchConfigurationDelegate.java:409)
	at com.xilinx.sdk.debug.core.XilinxAppLaunchConfigurationDelegate.launch(XilinxAppLaunchConfigurationDelegate.java:303)
	at com.xilinx.sdk.debug.ui.XilinxAppLaunchDelegateWrapper.launch(XilinxAppLaunchDelegateWrapper.java:31)
	at org.eclipse.debug.internal.core.LaunchConfiguration.launch(LaunchConfiguration.java:885)
	at org.eclipse.debug.internal.core.LaunchConfiguration.launch(LaunchConfiguration.java:739)
	at org.eclipse.debug.internal.ui.DebugUIPlugin.buildAndLaunch(DebugUIPlugin.java:1039)
	at org.eclipse.debug.internal.ui.DebugUIPlugin$8.run(DebugUIPlugin.java:1256)
	at org.eclipse.core.internal.jobs.Worker.run(Worker.java:55)
20:40:16 ERROR : Unexpected error while issuing command {"command": "xdisconnect 0"} to XMD: java.net.SocketException: Broken pipe (Write failed)
20:40:16 ERROR : Disconnect target failed.
20:40:42 ERROR : Unexpected error while issuing command {"command": "xdisconnect 0"} to XMD: java.net.SocketException: Broken pipe (Write failed)
20:40:42 ERROR : Disconnect target failed.
20:40:42 ERROR : Unable to disconnect from existing targets
java.lang.RuntimeException: 
	at com.xilinx.sdk.targetmanager.internal.TM.disconnectTarget(TM.java:329)
	at com.xilinx.sdk.targetmanager.internal.TM.disconnectExistingTargets(TM.java:308)
	at com.xilinx.sdk.targetmanager.internal.TM.terminate(TM.java:212)
	at com.xilinx.sdk.targetmanager.TMPlugin.stop(TMPlugin.java:58)
	at org.eclipse.osgi.internal.framework.BundleContextImpl$4.run(BundleContextImpl.java:830)
	at org.eclipse.osgi.internal.framework.BundleContextImpl$4.run(BundleContextImpl.java:1)
	at java.security.AccessController.doPrivileged(Native Method)
	at org.eclipse.osgi.internal.framework.BundleContextImpl.stop(BundleContextImpl.java:823)
	at org.eclipse.osgi.internal.framework.EquinoxBundle.stopWorker0(EquinoxBundle.java:946)
	at org.eclipse.osgi.internal.framework.EquinoxBundle$EquinoxModule.stopWorker(EquinoxBundle.java:314)
	at org.eclipse.osgi.container.Module.doStop(Module.java:636)
	at org.eclipse.osgi.container.Module.stop(Module.java:498)
	at org.eclipse.osgi.container.ModuleContainer$ContainerStartLevel.decStartLevel(ModuleContainer.java:1661)
	at org.eclipse.osgi.container.ModuleContainer$ContainerStartLevel.doContainerStartLevel(ModuleContainer.java:1580)
	at org.eclipse.osgi.container.SystemModule.stopWorker(SystemModule.java:270)
	at org.eclipse.osgi.internal.framework.EquinoxBundle$SystemBundle$EquinoxSystemModule.stopWorker(EquinoxBundle.java:147)
	at org.eclipse.osgi.container.Module.doStop(Module.java:636)
	at org.eclipse.osgi.container.Module.stop(Module.java:498)
	at org.eclipse.osgi.container.SystemModule.stop(SystemModule.java:202)
	at org.eclipse.osgi.internal.framework.EquinoxBundle$SystemBundle$EquinoxSystemModule$1.run(EquinoxBundle.java:165)
	at java.lang.Thread.run(Thread.java:745)
20:41:29 INFO  : Registering command handlers for SDK TCF services
20:41:29 INFO  : Launching XSCT server: xsct -n -interactive /home/gokul/playground/xilinx/ece253lab/prj_gob/prj_gob.sdk/temp_xsdb_launch_script.tcl
20:41:30 INFO  : XSCT server has started successfully.
20:41:30 INFO  : Successfully done setting XSCT server connection channel  
20:41:31 INFO  : Successfully done setting SDK workspace  
20:41:31 INFO  : Processing command line option -hwspec /home/gokul/playground/xilinx/ece253lab/prj_gob/prj_gob.sdk/system_wrapper.hdf.
20:41:31 INFO  : Checking for hwspec changes in the project system_wrapper_hw_platform_0.
20:41:41 INFO  : Processor reset is completed for microblaze_0
20:44:00 INFO  : Processor reset is completed for microblaze_0
20:44:50 INFO  : Processor reset is completed for microblaze_0
21:18:05 INFO  : microblaze_0 Processor is in use. Please stop existing Run or Debug sessions before launching.
21:18:15 INFO  : Processor reset is completed for microblaze_0
21:28:24 INFO  : microblaze_0 Processor is in use. Please stop existing Run or Debug sessions before launching.
21:28:34 INFO  : Processor reset is completed for microblaze_0
00:00:27 INFO  : Registering command handlers for SDK TCF services
00:00:28 INFO  : Launching XSCT server: xsct -n -interactive /home/gokul/playground/xilinx/ece253lab/prj_gob/prj_gob.sdk/temp_xsdb_launch_script.tcl
00:00:29 INFO  : XSCT server has started successfully.
00:00:29 INFO  : Successfully done setting XSCT server connection channel  
00:00:30 INFO  : Successfully done setting SDK workspace  
00:00:30 INFO  : Processing command line option -hwspec /home/gokul/playground/xilinx/ece253lab/prj_gob/prj_gob.sdk/system_wrapper.hdf.
00:00:30 INFO  : Checking for hwspec changes in the project system_wrapper_hw_platform_0.
00:05:01 INFO  : Processor reset is completed for microblaze_0
00:12:15 INFO  : Processor reset is completed for microblaze_0
00:14:52 INFO  : Processor reset is completed for microblaze_0
00:17:14 INFO  : Processor reset is completed for microblaze_0
00:18:55 INFO  : Processor reset is completed for microblaze_0
00:38:45 INFO  : Processor reset is completed for microblaze_0
00:42:55 INFO  : Time out for XMD transaction is 60000
If you want to increase the timeout value, goto Windows-> Preferences -> Xilinx SDK -> XMD Startup
00:42:55 ERROR : Timeout occured while waiting to get reply for command "xdisconnect 0"
00:42:55 ERROR : Disconnect target failed.
01:20:38 INFO  : FPGA Cable Disconnected. All active launches will be terminated.
01:20:38 ERROR : Disconnect target failed.No Target with ID 0 in the System


01:30:58 ERROR : Disconnect target failed.No Target with ID 0 in the System


01:30:58 ERROR : Unable to disconnect from existing targets
java.lang.RuntimeException: No Target with ID 0 in the System


	at com.xilinx.sdk.targetmanager.internal.TM.disconnectTarget(TM.java:329)
	at com.xilinx.sdk.targetmanager.internal.TM.disconnectExistingTargets(TM.java:308)
	at com.xilinx.sdk.targetmanager.internal.TM.terminate(TM.java:212)
	at com.xilinx.sdk.targetmanager.TMPlugin.stop(TMPlugin.java:58)
	at org.eclipse.osgi.internal.framework.BundleContextImpl$4.run(BundleContextImpl.java:830)
	at org.eclipse.osgi.internal.framework.BundleContextImpl$4.run(BundleContextImpl.java:1)
	at java.security.AccessController.doPrivileged(Native Method)
	at org.eclipse.osgi.internal.framework.BundleContextImpl.stop(BundleContextImpl.java:823)
	at org.eclipse.osgi.internal.framework.EquinoxBundle.stopWorker0(EquinoxBundle.java:946)
	at org.eclipse.osgi.internal.framework.EquinoxBundle$EquinoxModule.stopWorker(EquinoxBundle.java:314)
	at org.eclipse.osgi.container.Module.doStop(Module.java:636)
	at org.eclipse.osgi.container.Module.stop(Module.java:498)
	at org.eclipse.osgi.container.ModuleContainer$ContainerStartLevel.decStartLevel(ModuleContainer.java:1661)
	at org.eclipse.osgi.container.ModuleContainer$ContainerStartLevel.doContainerStartLevel(ModuleContainer.java:1580)
	at org.eclipse.osgi.container.SystemModule.stopWorker(SystemModule.java:270)
	at org.eclipse.osgi.internal.framework.EquinoxBundle$SystemBundle$EquinoxSystemModule.stopWorker(EquinoxBundle.java:147)
	at org.eclipse.osgi.container.Module.doStop(Module.java:636)
	at org.eclipse.osgi.container.Module.stop(Module.java:498)
	at org.eclipse.osgi.container.SystemModule.stop(SystemModule.java:202)
	at org.eclipse.osgi.internal.framework.EquinoxBundle$SystemBundle$EquinoxSystemModule$1.run(EquinoxBundle.java:165)
	at java.lang.Thread.run(Thread.java:745)
01:30:58 ERROR : Unexpected error while parsing XMD response ￿: com.google.gson.JsonSyntaxException: com.google.gson.stream.MalformedJsonException: invalid number or unquoted string near 
10:24:24 INFO  : Registering command handlers for SDK TCF services
10:24:24 INFO  : Launching XSCT server: xsct -n -interactive /home/gokul/playground/xilinx/ece253lab/prj_gob/prj_gob.sdk/temp_xsdb_launch_script.tcl
10:24:27 INFO  : XSCT server has started successfully.
10:24:28 INFO  : Successfully done setting XSCT server connection channel  
10:24:28 INFO  : Successfully done setting SDK workspace  
10:24:28 INFO  : Processing command line option -hwspec /home/gokul/playground/xilinx/ece253lab/prj_gob/prj_gob.sdk/system_wrapper.hdf.
10:24:28 INFO  : Checking for hwspec changes in the project system_wrapper_hw_platform_0.
10:55:42 INFO  : Processor reset is completed for microblaze_0
11:30:37 INFO  : Processor reset is completed for microblaze_0
11:41:19 INFO  : Processor reset is completed for microblaze_0
11:42:56 INFO  : microblaze_0 Processor is in use. Please stop existing Run or Debug sessions before launching.
11:43:24 INFO  : Processor reset is completed for microblaze_0
11:44:04 INFO  : Processor reset is completed for microblaze_0
11:44:38 ERROR : Unexpected error while parsing XMD response ￿: com.google.gson.JsonSyntaxException: com.google.gson.stream.MalformedJsonException: invalid number or unquoted string near 
11:45:37 INFO  : Registering command handlers for SDK TCF services
11:45:37 INFO  : Launching XSCT server: xsct -n -interactive /home/gokul/playground/xilinx/ece253lab/prj_gob/prj_gob.sdk/temp_xsdb_launch_script.tcl
11:45:38 INFO  : XSCT server has started successfully.
11:45:38 INFO  : Successfully done setting XSCT server connection channel  
11:45:38 INFO  : Successfully done setting SDK workspace  
11:45:38 INFO  : Processing command line option -hwspec /home/gokul/playground/xilinx/ece253lab/prj_gob/prj_gob.sdk/system_wrapper.hdf.
11:45:38 INFO  : Checking for hwspec changes in the project system_wrapper_hw_platform_0.
11:46:48 INFO  : Processor reset is completed for microblaze_0
11:48:04 ERROR : Unexpected error while parsing XMD response ￿: com.google.gson.JsonSyntaxException: com.google.gson.stream.MalformedJsonException: invalid number or unquoted string near 
11:48:41 INFO  : Registering command handlers for SDK TCF services
11:48:41 INFO  : Launching XSCT server: xsct -n -interactive /home/gokul/playground/xilinx/ece253lab/prj_gob/prj_gob.sdk/temp_xsdb_launch_script.tcl
11:48:42 INFO  : XSCT server has started successfully.
11:48:42 INFO  : Successfully done setting XSCT server connection channel  
11:48:42 INFO  : Successfully done setting SDK workspace  
11:48:42 INFO  : Processing command line option -hwspec /home/gokul/playground/xilinx/ece253lab/prj_gob/prj_gob.sdk/system_wrapper.hdf.
11:48:42 INFO  : Checking for hwspec changes in the project system_wrapper_hw_platform_0.
11:50:16 INFO  : Processor reset is completed for microblaze_0
11:51:13 INFO  : Processor reset is completed for microblaze_0
11:52:17 INFO  : Processor reset is completed for microblaze_0
11:52:59 INFO  : Processor reset is completed for microblaze_0
11:53:53 INFO  : Processor reset is completed for microblaze_0
11:54:49 INFO  : Time out for XMD transaction is 60000
If you want to increase the timeout value, goto Windows-> Preferences -> Xilinx SDK -> XMD Startup
11:54:49 ERROR : Timeout occured while waiting to get reply for command "xdisconnect 0"
11:54:49 ERROR : Disconnect target failed.
11:58:09 INFO  : Processor reset is completed for microblaze_0
12:27:58 INFO  : Processor reset is completed for microblaze_0
13:14:13 INFO  : FPGA Cable Disconnected. All active launches will be terminated.
16:24:02 INFO  : Processor reset is completed for microblaze_0
16:37:09 INFO  : FPGA Cable Disconnected. All active launches will be terminated.
19:11:25 INFO  : Processor reset is completed for microblaze_0
19:49:41 ERROR : Checking FPGA configuration failed..Connection to Board Failed


    Unknown Error Occured
    Cable is not powered-on

19:49:41 ERROR : Unexpected error while launching program.
com.xilinx.sdk.targetmanager.TMException: Connection to Board Failed


    Unknown Error Occured
    Cable is not powered-on

	at com.xilinx.sdk.targetmanager.internal.TM.isFPGAConfigured(TM.java:374)
	at com.xilinx.sdk.debug.core.XilinxAppLaunchConfigurationDelegate.isFpgaConfigured(XilinxAppLaunchConfigurationDelegate.java:409)
	at com.xilinx.sdk.debug.core.XilinxAppLaunchConfigurationDelegate.launch(XilinxAppLaunchConfigurationDelegate.java:303)
	at com.xilinx.sdk.debug.ui.XilinxAppLaunchDelegateWrapper.launch(XilinxAppLaunchDelegateWrapper.java:31)
	at org.eclipse.debug.internal.core.LaunchConfiguration.launch(LaunchConfiguration.java:885)
	at org.eclipse.debug.internal.core.LaunchConfiguration.launch(LaunchConfiguration.java:739)
	at org.eclipse.debug.internal.ui.DebugUIPlugin.buildAndLaunch(DebugUIPlugin.java:1039)
	at org.eclipse.debug.internal.ui.DebugUIPlugin$8.run(DebugUIPlugin.java:1256)
	at org.eclipse.core.internal.jobs.Worker.run(Worker.java:55)
19:51:00 ERROR : Checking FPGA configuration failed..Connection to Board Failed


    Unknown Error Occured
    Cable is not powered-on

19:51:00 ERROR : Unexpected error while launching program.
com.xilinx.sdk.targetmanager.TMException: Connection to Board Failed


    Unknown Error Occured
    Cable is not powered-on

	at com.xilinx.sdk.targetmanager.internal.TM.isFPGAConfigured(TM.java:374)
	at com.xilinx.sdk.debug.core.XilinxAppLaunchConfigurationDelegate.isFpgaConfigured(XilinxAppLaunchConfigurationDelegate.java:409)
	at com.xilinx.sdk.debug.core.XilinxAppLaunchConfigurationDelegate.launch(XilinxAppLaunchConfigurationDelegate.java:303)
	at com.xilinx.sdk.debug.ui.XilinxAppLaunchDelegateWrapper.launch(XilinxAppLaunchDelegateWrapper.java:31)
	at org.eclipse.debug.internal.core.LaunchConfiguration.launch(LaunchConfiguration.java:885)
	at org.eclipse.debug.internal.core.LaunchConfiguration.launch(LaunchConfiguration.java:739)
	at org.eclipse.debug.internal.ui.DebugUIPlugin.buildAndLaunch(DebugUIPlugin.java:1039)
	at org.eclipse.debug.internal.ui.DebugUIPlugin$8.run(DebugUIPlugin.java:1256)
	at org.eclipse.core.internal.jobs.Worker.run(Worker.java:55)
19:51:24 ERROR : Unexpected error while parsing XMD response ￿: com.google.gson.JsonSyntaxException: com.google.gson.stream.MalformedJsonException: invalid number or unquoted string near 
19:51:43 INFO  : Registering command handlers for SDK TCF services
19:51:43 INFO  : Launching XSCT server: xsct -n -interactive /home/gokul/playground/xilinx/ece253lab/prj_gob/prj_gob.sdk/temp_xsdb_launch_script.tcl
19:51:45 INFO  : XSCT server has started successfully.
19:51:45 INFO  : Successfully done setting XSCT server connection channel  
19:51:47 INFO  : Successfully done setting SDK workspace  
19:51:47 INFO  : Processing command line option -hwspec /home/gokul/playground/xilinx/ece253lab/prj_gob/prj_gob.sdk/system_wrapper.hdf.
19:51:47 INFO  : Checking for hwspec changes in the project system_wrapper_hw_platform_0.
19:51:51 INFO  : Processor reset is completed for microblaze_0
19:55:43 INFO  : Time out for XMD transaction is 60000
If you want to increase the timeout value, goto Windows-> Preferences -> Xilinx SDK -> XMD Startup
19:55:43 ERROR : Timeout occured while waiting to get reply for command "set_cur_system_target"
19:55:49 INFO  : Processor reset is completed for microblaze_0
19:57:26 INFO  : Processor reset is completed for microblaze_0
22:35:09 INFO  : Processor reset is completed for microblaze_0
22:36:19 INFO  : Processor reset is completed for microblaze_0
22:38:28 INFO  : Processor reset is completed for microblaze_0
22:40:36 INFO  : Processor reset is completed for microblaze_0
22:43:52 INFO  : Processor reset is completed for microblaze_0
22:46:27 INFO  : Processor reset is completed for microblaze_0
22:47:37 INFO  : Processor reset is completed for microblaze_0
23:00:42 INFO  : Processor reset is completed for microblaze_0
23:05:10 INFO  : Processor reset is completed for microblaze_0
23:08:41 INFO  : Processor reset is completed for microblaze_0
23:09:26 INFO  : Processor reset is completed for microblaze_0
23:10:26 INFO  : Processor reset is completed for microblaze_0
23:11:53 INFO  : Processor reset is completed for microblaze_0
23:14:54 INFO  : Processor reset is completed for microblaze_0
23:20:44 INFO  : Processor reset is completed for microblaze_0
23:22:35 INFO  : Processor reset is completed for microblaze_0
23:32:52 INFO  : Processor reset is completed for microblaze_0
23:52:54 ERROR : Checking FPGA configuration failed..Connection to Board Failed


    Unknown Error Occured
    Cable is not powered-on

23:52:54 ERROR : Unexpected error while launching program.
com.xilinx.sdk.targetmanager.TMException: Connection to Board Failed


    Unknown Error Occured
    Cable is not powered-on

	at com.xilinx.sdk.targetmanager.internal.TM.isFPGAConfigured(TM.java:374)
	at com.xilinx.sdk.debug.core.XilinxAppLaunchConfigurationDelegate.isFpgaConfigured(XilinxAppLaunchConfigurationDelegate.java:409)
	at com.xilinx.sdk.debug.core.XilinxAppLaunchConfigurationDelegate.launch(XilinxAppLaunchConfigurationDelegate.java:303)
	at com.xilinx.sdk.debug.ui.XilinxAppLaunchDelegateWrapper.launch(XilinxAppLaunchDelegateWrapper.java:31)
	at org.eclipse.debug.internal.core.LaunchConfiguration.launch(LaunchConfiguration.java:885)
	at org.eclipse.debug.internal.core.LaunchConfiguration.launch(LaunchConfiguration.java:739)
	at org.eclipse.debug.internal.ui.DebugUIPlugin.buildAndLaunch(DebugUIPlugin.java:1039)
	at org.eclipse.debug.internal.ui.DebugUIPlugin$8.run(DebugUIPlugin.java:1256)
	at org.eclipse.core.internal.jobs.Worker.run(Worker.java:55)
23:53:19 ERROR : Unexpected error while parsing XMD response ￿: com.google.gson.JsonSyntaxException: com.google.gson.stream.MalformedJsonException: invalid number or unquoted string near 
23:53:27 INFO  : Registering command handlers for SDK TCF services
23:53:28 INFO  : Launching XSCT server: xsct -n -interactive /home/gokul/playground/xilinx/ece253lab/prj_gob/prj_gob.sdk/temp_xsdb_launch_script.tcl
23:53:29 INFO  : XSCT server has started successfully.
23:53:29 INFO  : Successfully done setting XSCT server connection channel  
23:53:29 INFO  : Successfully done setting SDK workspace  
23:53:29 INFO  : Processing command line option -hwspec /home/gokul/playground/xilinx/ece253lab/prj_gob/prj_gob.sdk/system_wrapper.hdf.
23:53:29 INFO  : Checking for hwspec changes in the project system_wrapper_hw_platform_0.
23:54:07 INFO  : Processor reset is completed for microblaze_0
00:00:15 INFO  : Processor reset is completed for microblaze_0
00:00:36 INFO  : Processor reset is completed for microblaze_0
00:04:02 INFO  : microblaze_0 Processor is in use. Please stop existing Run or Debug sessions before launching.
00:04:08 INFO  : Processor reset is completed for microblaze_0
00:08:01 ERROR : Checking FPGA configuration failed..Connection to Board Failed


    Unknown Error Occured
    Cable is not powered-on

00:08:01 ERROR : Unexpected error while launching program.
com.xilinx.sdk.targetmanager.TMException: Connection to Board Failed


    Unknown Error Occured
    Cable is not powered-on

	at com.xilinx.sdk.targetmanager.internal.TM.isFPGAConfigured(TM.java:374)
	at com.xilinx.sdk.debug.core.XilinxAppLaunchConfigurationDelegate.isFpgaConfigured(XilinxAppLaunchConfigurationDelegate.java:409)
	at com.xilinx.sdk.debug.core.XilinxAppLaunchConfigurationDelegate.launch(XilinxAppLaunchConfigurationDelegate.java:303)
	at com.xilinx.sdk.debug.ui.XilinxAppLaunchDelegateWrapper.launch(XilinxAppLaunchDelegateWrapper.java:31)
	at org.eclipse.debug.internal.core.LaunchConfiguration.launch(LaunchConfiguration.java:885)
	at org.eclipse.debug.internal.core.LaunchConfiguration.launch(LaunchConfiguration.java:739)
	at org.eclipse.debug.internal.ui.DebugUIPlugin.buildAndLaunch(DebugUIPlugin.java:1039)
	at org.eclipse.debug.internal.ui.DebugUIPlugin$8.run(DebugUIPlugin.java:1256)
	at org.eclipse.core.internal.jobs.Worker.run(Worker.java:55)
00:08:10 INFO  : Time out for XMD transaction is 60000
If you want to increase the timeout value, goto Windows-> Preferences -> Xilinx SDK -> XMD Startup
00:08:10 ERROR : Timeout occured while waiting to get reply for command "close_terminal"
00:08:10 ERROR : Error while closing JTAG UART server: 
00:08:26 ERROR : Unexpected error while parsing XMD response ￿: com.google.gson.JsonSyntaxException: com.google.gson.stream.MalformedJsonException: invalid number or unquoted string near 
00:08:38 INFO  : Registering command handlers for SDK TCF services
00:08:38 INFO  : Launching XSCT server: xsct -n -interactive /home/gokul/playground/xilinx/ece253lab/prj_gob/prj_gob.sdk/temp_xsdb_launch_script.tcl
00:08:39 INFO  : XSCT server has started successfully.
00:08:40 INFO  : Successfully done setting XSCT server connection channel  
00:08:40 INFO  : Successfully done setting SDK workspace  
00:08:40 INFO  : Processing command line option -hwspec /home/gokul/playground/xilinx/ece253lab/prj_gob/prj_gob.sdk/system_wrapper.hdf.
00:08:40 INFO  : Checking for hwspec changes in the project system_wrapper_hw_platform_0.
00:08:49 INFO  : Processor reset is completed for microblaze_0
00:09:54 INFO  : Processor reset is completed for microblaze_0
00:10:35 ERROR : Unexpected error while parsing XMD response ￿: com.google.gson.JsonSyntaxException: com.google.gson.stream.MalformedJsonException: invalid number or unquoted string near 
00:11:15 INFO  : Registering command handlers for SDK TCF services
00:11:16 INFO  : Launching XSCT server: xsct -n -interactive /home/gokul/playground/xilinx/ece253lab/prj_gob/prj_gob.sdk/temp_xsdb_launch_script.tcl
00:11:17 INFO  : XSCT server has started successfully.
00:11:17 INFO  : Successfully done setting XSCT server connection channel  
00:11:17 INFO  : Successfully done setting SDK workspace  
00:11:17 INFO  : Processing command line option -hwspec /home/gokul/playground/xilinx/ece253lab/prj_gob/prj_gob.sdk/system_wrapper.hdf.
00:11:17 INFO  : Checking for hwspec changes in the project system_wrapper_hw_platform_0.
00:11:24 INFO  : Processor reset is completed for microblaze_0
00:12:01 INFO  : Processor reset is completed for microblaze_0
00:15:25 INFO  : Processor reset is completed for microblaze_0
00:17:18 INFO  : Time out for XMD transaction is 60000
If you want to increase the timeout value, goto Windows-> Preferences -> Xilinx SDK -> XMD Startup
00:17:18 ERROR : Timeout occured while waiting to get reply for command "xdisconnect 0"
00:17:18 ERROR : Disconnect target failed.
00:22:53 ERROR : Unexpected error while launching program.
java.lang.RuntimeException: Unknown Error Occured
    Target '0' Does NOT exist in the Current System


	at com.xilinx.sdk.targetmanager.internal.TM.doProcessorReset(TM.java:1011)
	at com.xilinx.sdk.debug.core.XilinxAppLaunchConfigurationDelegate.runTargetSetup(XilinxAppLaunchConfigurationDelegate.java:455)
	at com.xilinx.sdk.debug.core.XilinxAppLaunchConfigurationDelegate.runApplication(XilinxAppLaunchConfigurationDelegate.java:616)
	at com.xilinx.sdk.debug.core.XilinxAppLaunchConfigurationDelegate.launch(XilinxAppLaunchConfigurationDelegate.java:309)
	at com.xilinx.sdk.debug.ui.XilinxAppLaunchDelegateWrapper.launch(XilinxAppLaunchDelegateWrapper.java:31)
	at org.eclipse.debug.internal.core.LaunchConfiguration.launch(LaunchConfiguration.java:885)
	at org.eclipse.debug.internal.core.LaunchConfiguration.launch(LaunchConfiguration.java:739)
	at org.eclipse.debug.internal.ui.DebugUIPlugin.buildAndLaunch(DebugUIPlugin.java:1039)
	at org.eclipse.debug.internal.ui.DebugUIPlugin$8.run(DebugUIPlugin.java:1256)
	at org.eclipse.core.internal.jobs.Worker.run(Worker.java:55)
00:22:53 ERROR : Disconnect target failed.No Target with ID 0 in the System


00:23:18 ERROR : Disconnect target failed.No Target with ID 0 in the System


00:23:18 ERROR : Unable to disconnect from existing targets
java.lang.RuntimeException: No Target with ID 0 in the System


	at com.xilinx.sdk.targetmanager.internal.TM.disconnectTarget(TM.java:329)
	at com.xilinx.sdk.targetmanager.internal.TM.disconnectExistingTargets(TM.java:308)
	at com.xilinx.sdk.targetmanager.internal.TM.terminate(TM.java:212)
	at com.xilinx.sdk.targetmanager.TMPlugin.stop(TMPlugin.java:58)
	at org.eclipse.osgi.internal.framework.BundleContextImpl$4.run(BundleContextImpl.java:830)
	at org.eclipse.osgi.internal.framework.BundleContextImpl$4.run(BundleContextImpl.java:1)
	at java.security.AccessController.doPrivileged(Native Method)
	at org.eclipse.osgi.internal.framework.BundleContextImpl.stop(BundleContextImpl.java:823)
	at org.eclipse.osgi.internal.framework.EquinoxBundle.stopWorker0(EquinoxBundle.java:946)
	at org.eclipse.osgi.internal.framework.EquinoxBundle$EquinoxModule.stopWorker(EquinoxBundle.java:314)
	at org.eclipse.osgi.container.Module.doStop(Module.java:636)
	at org.eclipse.osgi.container.Module.stop(Module.java:498)
	at org.eclipse.osgi.container.ModuleContainer$ContainerStartLevel.decStartLevel(ModuleContainer.java:1661)
	at org.eclipse.osgi.container.ModuleContainer$ContainerStartLevel.doContainerStartLevel(ModuleContainer.java:1580)
	at org.eclipse.osgi.container.SystemModule.stopWorker(SystemModule.java:270)
	at org.eclipse.osgi.internal.framework.EquinoxBundle$SystemBundle$EquinoxSystemModule.stopWorker(EquinoxBundle.java:147)
	at org.eclipse.osgi.container.Module.doStop(Module.java:636)
	at org.eclipse.osgi.container.Module.stop(Module.java:498)
	at org.eclipse.osgi.container.SystemModule.stop(SystemModule.java:202)
	at org.eclipse.osgi.internal.framework.EquinoxBundle$SystemBundle$EquinoxSystemModule$1.run(EquinoxBundle.java:165)
	at java.lang.Thread.run(Thread.java:745)
00:23:18 ERROR : Unexpected error while parsing XMD response ￿: com.google.gson.JsonSyntaxException: com.google.gson.stream.MalformedJsonException: invalid number or unquoted string near 
00:23:34 INFO  : Registering command handlers for SDK TCF services
00:23:34 INFO  : Launching XSCT server: xsct -n -interactive /home/gokul/playground/xilinx/ece253lab/prj_gob/prj_gob.sdk/temp_xsdb_launch_script.tcl
00:23:35 INFO  : XSCT server has started successfully.
00:23:35 INFO  : Successfully done setting XSCT server connection channel  
00:23:35 INFO  : Successfully done setting SDK workspace  
00:23:36 INFO  : Processing command line option -hwspec /home/gokul/playground/xilinx/ece253lab/prj_gob/prj_gob.sdk/system_wrapper.hdf.
00:23:36 INFO  : Checking for hwspec changes in the project system_wrapper_hw_platform_0.
00:23:43 INFO  : Processor reset is completed for microblaze_0
00:26:15 INFO  : Processor reset is completed for microblaze_0
00:31:59 INFO  : Processor reset is completed for microblaze_0
00:32:44 INFO  : Processor reset is completed for microblaze_0
00:35:12 INFO  : Processor reset is completed for microblaze_0
00:36:45 INFO  : Processor reset is completed for microblaze_0
00:37:58 INFO  : Processor reset is completed for microblaze_0
00:42:39 ERROR : Unexpected error while parsing XMD response ￿: com.google.gson.JsonSyntaxException: com.google.gson.stream.MalformedJsonException: invalid number or unquoted string near 
08:58:14 INFO  : Registering command handlers for SDK TCF services
08:58:15 INFO  : Launching XSCT server: xsct -n -interactive /home/gokul/playground/xilinx/ece253lab/prj_gob/prj_gob.sdk/temp_xsdb_launch_script.tcl
08:58:16 INFO  : XSCT server has started successfully.
08:58:17 INFO  : Successfully done setting XSCT server connection channel  
08:58:17 INFO  : Successfully done setting SDK workspace  
08:58:17 INFO  : Processing command line option -hwspec /home/gokul/playground/xilinx/ece253lab/prj_gob/prj_gob.sdk/system_wrapper.hdf.
08:58:17 INFO  : Checking for hwspec changes in the project system_wrapper_hw_platform_0.
09:00:53 INFO  : Processor reset is completed for microblaze_0
09:04:46 INFO  : Processor reset is completed for microblaze_0
09:05:29 INFO  : Processor reset is completed for microblaze_0
09:06:00 INFO  : Processor reset is completed for microblaze_0
09:06:12 INFO  : Time out for XMD transaction is 60000
If you want to increase the timeout value, goto Windows-> Preferences -> Xilinx SDK -> XMD Startup
09:06:12 ERROR : Timeout occured while waiting to get reply for command "close_terminal"
09:06:12 ERROR : Error while closing JTAG UART server: 
09:07:57 INFO  : Processor reset is completed for microblaze_0
09:09:41 INFO  : Processor reset is completed for microblaze_0
09:10:11 INFO  : Processor reset is completed for microblaze_0
09:10:26 INFO  : Processor reset is completed for microblaze_0
09:10:54 INFO  : Processor reset is completed for microblaze_0
09:22:02 ERROR : Unexpected error while parsing XMD response ￿: com.google.gson.JsonSyntaxException: com.google.gson.stream.MalformedJsonException: invalid number or unquoted string near 
19:16:50 INFO  : Registering command handlers for SDK TCF services
19:16:51 INFO  : Launching XSCT server: xsct -n -interactive /home/gokul/playground/xilinx/ece253lab/prj_gob/prj_gob.sdk/temp_xsdb_launch_script.tcl
19:16:52 INFO  : XSCT server has started successfully.
19:16:52 INFO  : Successfully done setting XSCT server connection channel  
19:16:53 INFO  : Successfully done setting SDK workspace  
19:16:53 INFO  : Processing command line option -hwspec /home/gokul/playground/xilinx/ece253lab/prj_gob/prj_gob.sdk/system_wrapper.hdf.
19:16:53 INFO  : Checking for hwspec changes in the project system_wrapper_hw_platform_0.
19:17:01 INFO  : Processor reset is completed for microblaze_0
19:25:35 INFO  : Processor reset is completed for microblaze_0
19:27:16 INFO  : Processor reset is completed for microblaze_0
19:32:41 INFO  : Processor reset is completed for microblaze_0
20:00:26 INFO  : Processor reset is completed for microblaze_0
20:05:30 INFO  : FPGA Cable Disconnected. All active launches will be terminated.
21:01:15 INFO  : Processor reset is completed for microblaze_0
21:02:46 INFO  : Time out for XMD transaction is 60000
If you want to increase the timeout value, goto Windows-> Preferences -> Xilinx SDK -> XMD Startup
21:02:46 ERROR : Timeout occured while waiting to get reply for command "xdisconnect 0"
21:02:46 ERROR : Disconnect target failed.
21:04:46 ERROR : Unexpected error while launching program.
java.lang.RuntimeException: Unknown Error Occured
    Target '0' Does NOT exist in the Current System


	at com.xilinx.sdk.targetmanager.internal.TM.doProcessorReset(TM.java:1011)
	at com.xilinx.sdk.debug.core.XilinxAppLaunchConfigurationDelegate.runTargetSetup(XilinxAppLaunchConfigurationDelegate.java:455)
	at com.xilinx.sdk.debug.core.XilinxAppLaunchConfigurationDelegate.runApplication(XilinxAppLaunchConfigurationDelegate.java:616)
	at com.xilinx.sdk.debug.core.XilinxAppLaunchConfigurationDelegate.launch(XilinxAppLaunchConfigurationDelegate.java:309)
	at com.xilinx.sdk.debug.ui.XilinxAppLaunchDelegateWrapper.launch(XilinxAppLaunchDelegateWrapper.java:31)
	at org.eclipse.debug.internal.core.LaunchConfiguration.launch(LaunchConfiguration.java:885)
	at org.eclipse.debug.internal.core.LaunchConfiguration.launch(LaunchConfiguration.java:739)
	at org.eclipse.debug.internal.ui.DebugUIPlugin.buildAndLaunch(DebugUIPlugin.java:1039)
	at org.eclipse.debug.internal.ui.DebugUIPlugin$8.run(DebugUIPlugin.java:1256)
	at org.eclipse.core.internal.jobs.Worker.run(Worker.java:55)
21:04:47 ERROR : Disconnect target failed.No Target with ID 0 in the System


21:05:05 ERROR : Unexpected error while launching program.
java.lang.RuntimeException: Unknown Error Occured
    Target '0' Does NOT exist in the Current System


	at com.xilinx.sdk.targetmanager.internal.TM.doProcessorReset(TM.java:1011)
	at com.xilinx.sdk.debug.core.XilinxAppLaunchConfigurationDelegate.runTargetSetup(XilinxAppLaunchConfigurationDelegate.java:455)
	at com.xilinx.sdk.debug.core.XilinxAppLaunchConfigurationDelegate.runApplication(XilinxAppLaunchConfigurationDelegate.java:616)
	at com.xilinx.sdk.debug.core.XilinxAppLaunchConfigurationDelegate.launch(XilinxAppLaunchConfigurationDelegate.java:309)
	at com.xilinx.sdk.debug.ui.XilinxAppLaunchDelegateWrapper.launch(XilinxAppLaunchDelegateWrapper.java:31)
	at org.eclipse.debug.internal.core.LaunchConfiguration.launch(LaunchConfiguration.java:885)
	at org.eclipse.debug.internal.core.LaunchConfiguration.launch(LaunchConfiguration.java:739)
	at org.eclipse.debug.internal.ui.DebugUIPlugin.buildAndLaunch(DebugUIPlugin.java:1039)
	at org.eclipse.debug.internal.ui.DebugUIPlugin$8.run(DebugUIPlugin.java:1256)
	at org.eclipse.core.internal.jobs.Worker.run(Worker.java:55)
21:05:05 ERROR : Disconnect target failed.No Target with ID 0 in the System


21:05:26 ERROR : Unexpected error while launching program.
java.lang.RuntimeException: Unknown Error Occured
    Target '0' Does NOT exist in the Current System


	at com.xilinx.sdk.targetmanager.internal.TM.doProcessorReset(TM.java:1011)
	at com.xilinx.sdk.debug.core.XilinxAppLaunchConfigurationDelegate.runTargetSetup(XilinxAppLaunchConfigurationDelegate.java:455)
	at com.xilinx.sdk.debug.core.XilinxAppLaunchConfigurationDelegate.runApplication(XilinxAppLaunchConfigurationDelegate.java:616)
	at com.xilinx.sdk.debug.core.XilinxAppLaunchConfigurationDelegate.launch(XilinxAppLaunchConfigurationDelegate.java:309)
	at com.xilinx.sdk.debug.ui.XilinxAppLaunchDelegateWrapper.launch(XilinxAppLaunchDelegateWrapper.java:31)
	at org.eclipse.debug.internal.core.LaunchConfiguration.launch(LaunchConfiguration.java:885)
	at org.eclipse.debug.internal.core.LaunchConfiguration.launch(LaunchConfiguration.java:739)
	at org.eclipse.debug.internal.ui.DebugUIPlugin.buildAndLaunch(DebugUIPlugin.java:1039)
	at org.eclipse.debug.internal.ui.DebugUIPlugin$8.run(DebugUIPlugin.java:1256)
	at org.eclipse.core.internal.jobs.Worker.run(Worker.java:55)
21:05:26 ERROR : Disconnect target failed.No Target with ID 0 in the System


21:05:49 ERROR : Disconnect target failed.No Target with ID 0 in the System


21:05:49 ERROR : Unable to disconnect from existing targets
java.lang.RuntimeException: No Target with ID 0 in the System


	at com.xilinx.sdk.targetmanager.internal.TM.disconnectTarget(TM.java:329)
	at com.xilinx.sdk.targetmanager.internal.TM.disconnectExistingTargets(TM.java:308)
	at com.xilinx.sdk.targetmanager.internal.TM.terminate(TM.java:212)
	at com.xilinx.sdk.targetmanager.TMPlugin.stop(TMPlugin.java:58)
	at org.eclipse.osgi.internal.framework.BundleContextImpl$4.run(BundleContextImpl.java:830)
	at org.eclipse.osgi.internal.framework.BundleContextImpl$4.run(BundleContextImpl.java:1)
	at java.security.AccessController.doPrivileged(Native Method)
	at org.eclipse.osgi.internal.framework.BundleContextImpl.stop(BundleContextImpl.java:823)
	at org.eclipse.osgi.internal.framework.EquinoxBundle.stopWorker0(EquinoxBundle.java:946)
	at org.eclipse.osgi.internal.framework.EquinoxBundle$EquinoxModule.stopWorker(EquinoxBundle.java:314)
	at org.eclipse.osgi.container.Module.doStop(Module.java:636)
	at org.eclipse.osgi.container.Module.stop(Module.java:498)
	at org.eclipse.osgi.container.ModuleContainer$ContainerStartLevel.decStartLevel(ModuleContainer.java:1661)
	at org.eclipse.osgi.container.ModuleContainer$ContainerStartLevel.doContainerStartLevel(ModuleContainer.java:1580)
	at org.eclipse.osgi.container.SystemModule.stopWorker(SystemModule.java:270)
	at org.eclipse.osgi.internal.framework.EquinoxBundle$SystemBundle$EquinoxSystemModule.stopWorker(EquinoxBundle.java:147)
	at org.eclipse.osgi.container.Module.doStop(Module.java:636)
	at org.eclipse.osgi.container.Module.stop(Module.java:498)
	at org.eclipse.osgi.container.SystemModule.stop(SystemModule.java:202)
	at org.eclipse.osgi.internal.framework.EquinoxBundle$SystemBundle$EquinoxSystemModule$1.run(EquinoxBundle.java:165)
	at java.lang.Thread.run(Thread.java:745)
21:05:49 ERROR : Unexpected error while parsing XMD response ￿: com.google.gson.JsonSyntaxException: com.google.gson.stream.MalformedJsonException: invalid number or unquoted string near 
21:09:42 INFO  : Registering command handlers for SDK TCF services
21:09:43 INFO  : Launching XSCT server: xsct -n -interactive /home/gokul/playground/xilinx/ece253lab/prj_gob/prj_gob.sdk/temp_xsdb_launch_script.tcl
21:09:44 INFO  : XSCT server has started successfully.
21:09:46 INFO  : Successfully done setting XSCT server connection channel  
21:09:46 INFO  : Successfully done setting SDK workspace  
21:09:46 INFO  : Processing command line option -hwspec /home/gokul/playground/xilinx/ece253lab/prj_gob/prj_gob.sdk/system_wrapper.hdf.
21:09:46 INFO  : Checking for hwspec changes in the project system_wrapper_hw_platform_0.
21:10:01 INFO  : Processor reset is completed for microblaze_0
21:10:40 INFO  : Processor reset is completed for microblaze_0
21:13:06 INFO  : Processor reset is completed for microblaze_0
21:16:29 INFO  : Processor reset is completed for microblaze_0
21:17:52 INFO  : Time out for XMD transaction is 60000
If you want to increase the timeout value, goto Windows-> Preferences -> Xilinx SDK -> XMD Startup
21:17:52 ERROR : Timeout occured while waiting to get reply for command "close_terminal"
21:17:52 ERROR : Error while closing JTAG UART server: 
21:22:41 INFO  : Processor reset is completed for microblaze_0
21:24:00 INFO  : Time out for XMD transaction is 60000
If you want to increase the timeout value, goto Windows-> Preferences -> Xilinx SDK -> XMD Startup
21:24:00 ERROR : Timeout occured while waiting to get reply for command "xdisconnect 0"
21:24:00 ERROR : Disconnect target failed.
21:24:46 ERROR : Unexpected error while launching program.
java.lang.RuntimeException: Unknown Error Occured
    Target '0' Does NOT exist in the Current System


	at com.xilinx.sdk.targetmanager.internal.TM.doProcessorReset(TM.java:1011)
	at com.xilinx.sdk.debug.core.XilinxAppLaunchConfigurationDelegate.runTargetSetup(XilinxAppLaunchConfigurationDelegate.java:455)
	at com.xilinx.sdk.debug.core.XilinxAppLaunchConfigurationDelegate.runApplication(XilinxAppLaunchConfigurationDelegate.java:616)
	at com.xilinx.sdk.debug.core.XilinxAppLaunchConfigurationDelegate.launch(XilinxAppLaunchConfigurationDelegate.java:309)
	at com.xilinx.sdk.debug.ui.XilinxAppLaunchDelegateWrapper.launch(XilinxAppLaunchDelegateWrapper.java:31)
	at org.eclipse.debug.internal.core.LaunchConfiguration.launch(LaunchConfiguration.java:885)
	at org.eclipse.debug.internal.core.LaunchConfiguration.launch(LaunchConfiguration.java:739)
	at org.eclipse.debug.internal.ui.DebugUIPlugin.buildAndLaunch(DebugUIPlugin.java:1039)
	at org.eclipse.debug.internal.ui.DebugUIPlugin$8.run(DebugUIPlugin.java:1256)
	at org.eclipse.core.internal.jobs.Worker.run(Worker.java:55)
21:24:46 ERROR : Disconnect target failed.No Target with ID 0 in the System


21:24:52 ERROR : Unexpected error while launching program.
java.lang.RuntimeException: Unknown Error Occured
    Target '0' Does NOT exist in the Current System


	at com.xilinx.sdk.targetmanager.internal.TM.doProcessorReset(TM.java:1011)
	at com.xilinx.sdk.debug.core.XilinxAppLaunchConfigurationDelegate.runTargetSetup(XilinxAppLaunchConfigurationDelegate.java:455)
	at com.xilinx.sdk.debug.core.XilinxAppLaunchConfigurationDelegate.runApplication(XilinxAppLaunchConfigurationDelegate.java:616)
	at com.xilinx.sdk.debug.core.XilinxAppLaunchConfigurationDelegate.launch(XilinxAppLaunchConfigurationDelegate.java:309)
	at com.xilinx.sdk.debug.ui.XilinxAppLaunchDelegateWrapper.launch(XilinxAppLaunchDelegateWrapper.java:31)
	at org.eclipse.debug.internal.core.LaunchConfiguration.launch(LaunchConfiguration.java:885)
	at org.eclipse.debug.internal.core.LaunchConfiguration.launch(LaunchConfiguration.java:739)
	at org.eclipse.debug.internal.ui.DebugUIPlugin.buildAndLaunch(DebugUIPlugin.java:1039)
	at org.eclipse.debug.internal.ui.DebugUIPlugin$8.run(DebugUIPlugin.java:1256)
	at org.eclipse.core.internal.jobs.Worker.run(Worker.java:55)
21:24:52 ERROR : Disconnect target failed.No Target with ID 0 in the System


21:25:15 ERROR : Disconnect target failed.No Target with ID 0 in the System


21:25:15 ERROR : Unable to disconnect from existing targets
java.lang.RuntimeException: No Target with ID 0 in the System


	at com.xilinx.sdk.targetmanager.internal.TM.disconnectTarget(TM.java:329)
	at com.xilinx.sdk.targetmanager.internal.TM.disconnectExistingTargets(TM.java:308)
	at com.xilinx.sdk.targetmanager.internal.TM.terminate(TM.java:212)
	at com.xilinx.sdk.targetmanager.TMPlugin.stop(TMPlugin.java:58)
	at org.eclipse.osgi.internal.framework.BundleContextImpl$4.run(BundleContextImpl.java:830)
	at org.eclipse.osgi.internal.framework.BundleContextImpl$4.run(BundleContextImpl.java:1)
	at java.security.AccessController.doPrivileged(Native Method)
	at org.eclipse.osgi.internal.framework.BundleContextImpl.stop(BundleContextImpl.java:823)
	at org.eclipse.osgi.internal.framework.EquinoxBundle.stopWorker0(EquinoxBundle.java:946)
	at org.eclipse.osgi.internal.framework.EquinoxBundle$EquinoxModule.stopWorker(EquinoxBundle.java:314)
	at org.eclipse.osgi.container.Module.doStop(Module.java:636)
	at org.eclipse.osgi.container.Module.stop(Module.java:498)
	at org.eclipse.osgi.container.ModuleContainer$ContainerStartLevel.decStartLevel(ModuleContainer.java:1661)
	at org.eclipse.osgi.container.ModuleContainer$ContainerStartLevel.doContainerStartLevel(ModuleContainer.java:1580)
	at org.eclipse.osgi.container.SystemModule.stopWorker(SystemModule.java:270)
	at org.eclipse.osgi.internal.framework.EquinoxBundle$SystemBundle$EquinoxSystemModule.stopWorker(EquinoxBundle.java:147)
	at org.eclipse.osgi.container.Module.doStop(Module.java:636)
	at org.eclipse.osgi.container.Module.stop(Module.java:498)
	at org.eclipse.osgi.container.SystemModule.stop(SystemModule.java:202)
	at org.eclipse.osgi.internal.framework.EquinoxBundle$SystemBundle$EquinoxSystemModule$1.run(EquinoxBundle.java:165)
	at java.lang.Thread.run(Thread.java:745)
21:25:15 ERROR : Unexpected error while parsing XMD response ￿: com.google.gson.JsonSyntaxException: com.google.gson.stream.MalformedJsonException: invalid number or unquoted string near 
21:26:54 INFO  : Registering command handlers for SDK TCF services
21:26:54 INFO  : Launching XSCT server: xsct -n -interactive /home/gokul/playground/xilinx/ece253lab/prj_gob/prj_gob.sdk/temp_xsdb_launch_script.tcl
21:26:55 INFO  : XSCT server has started successfully.
21:26:55 INFO  : Successfully done setting XSCT server connection channel  
21:26:55 INFO  : Successfully done setting SDK workspace  
21:26:55 INFO  : Processing command line option -hwspec /home/gokul/playground/xilinx/ece253lab/prj_gob/prj_gob.sdk/system_wrapper.hdf.
21:26:55 INFO  : Checking for hwspec changes in the project system_wrapper_hw_platform_0.
21:27:19 INFO  : Processor reset is completed for microblaze_0
21:28:59 INFO  : Processor reset is completed for microblaze_0
21:29:53 INFO  : Processor reset is completed for microblaze_0
21:33:37 INFO  : Processor reset is completed for microblaze_0
21:35:24 INFO  : Processor reset is completed for microblaze_0
21:36:57 INFO  : Processor reset is completed for microblaze_0
21:37:52 INFO  : Processor reset is completed for microblaze_0
21:46:43 INFO  : Processor reset is completed for microblaze_0
21:47:34 INFO  : Processor reset is completed for microblaze_0
21:52:42 INFO  : Processor reset is completed for microblaze_0
21:53:57 INFO  : Processor reset is completed for microblaze_0
21:54:39 INFO  : Processor reset is completed for microblaze_0
21:56:31 INFO  : Processor reset is completed for microblaze_0
21:59:54 INFO  : Processor reset is completed for microblaze_0
22:05:42 INFO  : Processor reset is completed for microblaze_0
22:13:24 INFO  : Processor reset is completed for microblaze_0
22:24:31 INFO  : Processor reset is completed for microblaze_0
22:25:59 INFO  : Processor reset is completed for microblaze_0
22:28:14 INFO  : Processor reset is completed for microblaze_0
22:29:26 INFO  : Processor reset is completed for microblaze_0
22:29:44 INFO  : microblaze_0 Processor is in use. Please stop existing Run or Debug sessions before launching.
22:30:14 INFO  : Processor reset is completed for microblaze_0
22:35:59 INFO  : Processor reset is completed for microblaze_0
22:42:07 INFO  : Processor reset is completed for microblaze_0
22:43:04 INFO  : Processor reset is completed for microblaze_0
22:44:24 INFO  : Processor reset is completed for microblaze_0
22:59:16 ERROR : Checking FPGA configuration failed..Connection to Board Failed


    Unknown Error Occured
    Cable is not powered-on

22:59:16 ERROR : Unexpected error while launching program.
com.xilinx.sdk.targetmanager.TMException: Connection to Board Failed


    Unknown Error Occured
    Cable is not powered-on

	at com.xilinx.sdk.targetmanager.internal.TM.isFPGAConfigured(TM.java:374)
	at com.xilinx.sdk.debug.core.XilinxAppLaunchConfigurationDelegate.isFpgaConfigured(XilinxAppLaunchConfigurationDelegate.java:409)
	at com.xilinx.sdk.debug.core.XilinxAppLaunchConfigurationDelegate.launch(XilinxAppLaunchConfigurationDelegate.java:303)
	at com.xilinx.sdk.debug.ui.XilinxAppLaunchDelegateWrapper.launch(XilinxAppLaunchDelegateWrapper.java:31)
	at org.eclipse.debug.internal.core.LaunchConfiguration.launch(LaunchConfiguration.java:885)
	at org.eclipse.debug.internal.core.LaunchConfiguration.launch(LaunchConfiguration.java:739)
	at org.eclipse.debug.internal.ui.DebugUIPlugin.buildAndLaunch(DebugUIPlugin.java:1039)
	at org.eclipse.debug.internal.ui.DebugUIPlugin$8.run(DebugUIPlugin.java:1256)
	at org.eclipse.core.internal.jobs.Worker.run(Worker.java:55)
22:59:39 ERROR : Unexpected error while parsing XMD response ￿: com.google.gson.JsonSyntaxException: com.google.gson.stream.MalformedJsonException: invalid number or unquoted string near 
22:59:53 INFO  : Registering command handlers for SDK TCF services
22:59:54 INFO  : Launching XSCT server: xsct -n -interactive /home/gokul/playground/xilinx/ece253lab/prj_gob/prj_gob.sdk/temp_xsdb_launch_script.tcl
22:59:55 INFO  : XSCT server has started successfully.
22:59:55 INFO  : Successfully done setting XSCT server connection channel  
22:59:55 INFO  : Successfully done setting SDK workspace  
22:59:55 INFO  : Processing command line option -hwspec /home/gokul/playground/xilinx/ece253lab/prj_gob/prj_gob.sdk/system_wrapper.hdf.
22:59:55 INFO  : Checking for hwspec changes in the project system_wrapper_hw_platform_0.
23:00:00 INFO  : Processor reset is completed for microblaze_0
23:24:59 INFO  : Processor reset is completed for microblaze_0
23:34:52 INFO  : Processor reset is completed for microblaze_0
23:36:22 INFO  : Processor reset is completed for microblaze_0
23:37:40 INFO  : Processor reset is completed for microblaze_0
23:39:22 INFO  : Processor reset is completed for microblaze_0
23:43:14 INFO  : Processor reset is completed for microblaze_0
00:58:46 ERROR : Unexpected error while fetching XMD's response: 
java.net.SocketException: Connection reset
	at java.net.SocketInputStream.read(SocketInputStream.java:209)
	at java.net.SocketInputStream.read(SocketInputStream.java:141)
	at sun.nio.cs.StreamDecoder.readBytes(StreamDecoder.java:284)
	at sun.nio.cs.StreamDecoder.implRead(StreamDecoder.java:326)
	at sun.nio.cs.StreamDecoder.read(StreamDecoder.java:178)
	at java.io.InputStreamReader.read(InputStreamReader.java:184)
	at java.io.BufferedReader.fill(BufferedReader.java:161)
	at java.io.BufferedReader.read(BufferedReader.java:182)
	at com.xilinx.sdk.targetmanager.internal.json.XMDJSONProcess$CommandResultsReader.run(XMDJSONProcess.java:332)
	at java.lang.Thread.run(Thread.java:745)
00:58:46 ERROR : Zero sized response read from XMD. This indicates a communication error or a programming error.
00:59:34 INFO  : Time out for XMD transaction is 60000
If you want to increase the timeout value, goto Windows-> Preferences -> Xilinx SDK -> XMD Startup
00:59:34 ERROR : Timeout occured while waiting to get reply for command "set_cur_target 0"
00:59:34 ERROR : Unexpected error while issuing command {"command": "set_cur_system"} to XMD: java.net.SocketException: Broken pipe (Write failed)
00:59:34 ERROR : Unexpected error while issuing command {"command": "xreset 0 0x80"} to XMD: java.net.SocketException: Broken pipe (Write failed)
00:59:34 ERROR : Unexpected error while launching program.
java.lang.RuntimeException: 
	at com.xilinx.sdk.targetmanager.internal.TM.doProcessorReset(TM.java:1011)
	at com.xilinx.sdk.debug.core.XilinxAppLaunchConfigurationDelegate.runTargetSetup(XilinxAppLaunchConfigurationDelegate.java:455)
	at com.xilinx.sdk.debug.core.XilinxAppLaunchConfigurationDelegate.runApplication(XilinxAppLaunchConfigurationDelegate.java:616)
	at com.xilinx.sdk.debug.core.XilinxAppLaunchConfigurationDelegate.launch(XilinxAppLaunchConfigurationDelegate.java:309)
	at com.xilinx.sdk.debug.ui.XilinxAppLaunchDelegateWrapper.launch(XilinxAppLaunchDelegateWrapper.java:31)
	at org.eclipse.debug.internal.core.LaunchConfiguration.launch(LaunchConfiguration.java:885)
	at org.eclipse.debug.internal.core.LaunchConfiguration.launch(LaunchConfiguration.java:739)
	at org.eclipse.debug.internal.ui.DebugUIPlugin.buildAndLaunch(DebugUIPlugin.java:1039)
	at org.eclipse.debug.internal.ui.DebugUIPlugin$8.run(DebugUIPlugin.java:1256)
	at org.eclipse.core.internal.jobs.Worker.run(Worker.java:55)
00:59:34 ERROR : Unexpected error while issuing command {"command": "xdisconnect 0"} to XMD: java.net.SocketException: Broken pipe (Write failed)
00:59:34 ERROR : Disconnect target failed.
00:59:38 ERROR : Unexpected error while issuing command {"command": "xdisconnect 0"} to XMD: java.net.SocketException: Broken pipe (Write failed)
00:59:38 ERROR : Disconnect target failed.
00:59:38 ERROR : Unable to disconnect from existing targets
java.lang.RuntimeException: 
	at com.xilinx.sdk.targetmanager.internal.TM.disconnectTarget(TM.java:329)
	at com.xilinx.sdk.targetmanager.internal.TM.disconnectExistingTargets(TM.java:308)
	at com.xilinx.sdk.targetmanager.internal.TM.terminate(TM.java:212)
	at com.xilinx.sdk.targetmanager.TMPlugin.stop(TMPlugin.java:58)
	at org.eclipse.osgi.internal.framework.BundleContextImpl$4.run(BundleContextImpl.java:830)
	at org.eclipse.osgi.internal.framework.BundleContextImpl$4.run(BundleContextImpl.java:1)
	at java.security.AccessController.doPrivileged(Native Method)
	at org.eclipse.osgi.internal.framework.BundleContextImpl.stop(BundleContextImpl.java:823)
	at org.eclipse.osgi.internal.framework.EquinoxBundle.stopWorker0(EquinoxBundle.java:946)
	at org.eclipse.osgi.internal.framework.EquinoxBundle$EquinoxModule.stopWorker(EquinoxBundle.java:314)
	at org.eclipse.osgi.container.Module.doStop(Module.java:636)
	at org.eclipse.osgi.container.Module.stop(Module.java:498)
	at org.eclipse.osgi.container.ModuleContainer$ContainerStartLevel.decStartLevel(ModuleContainer.java:1661)
	at org.eclipse.osgi.container.ModuleContainer$ContainerStartLevel.doContainerStartLevel(ModuleContainer.java:1580)
	at org.eclipse.osgi.container.SystemModule.stopWorker(SystemModule.java:270)
	at org.eclipse.osgi.internal.framework.EquinoxBundle$SystemBundle$EquinoxSystemModule.stopWorker(EquinoxBundle.java:147)
	at org.eclipse.osgi.container.Module.doStop(Module.java:636)
	at org.eclipse.osgi.container.Module.stop(Module.java:498)
	at org.eclipse.osgi.container.SystemModule.stop(SystemModule.java:202)
	at org.eclipse.osgi.internal.framework.EquinoxBundle$SystemBundle$EquinoxSystemModule$1.run(EquinoxBundle.java:165)
	at java.lang.Thread.run(Thread.java:745)
01:00:08 INFO  : Registering command handlers for SDK TCF services
01:00:08 INFO  : Launching XSCT server: xsct -n -interactive /home/gokul/playground/xilinx/ece253lab/prj_gob/prj_gob.sdk/temp_xsdb_launch_script.tcl
01:00:09 INFO  : XSCT server has started successfully.
01:00:10 INFO  : Successfully done setting XSCT server connection channel  
01:00:10 INFO  : Successfully done setting SDK workspace  
01:00:10 INFO  : Processing command line option -hwspec /home/gokul/playground/xilinx/ece253lab/prj_gob/prj_gob.sdk/system_wrapper.hdf.
01:00:10 INFO  : Checking for hwspec changes in the project system_wrapper_hw_platform_0.
01:00:16 INFO  : Processor reset is completed for microblaze_0
01:07:15 INFO  : Processor reset is completed for microblaze_0
01:08:10 INFO  : Processor reset is completed for microblaze_0
01:10:45 INFO  : Processor reset is completed for microblaze_0
01:12:28 INFO  : Processor reset is completed for microblaze_0
01:13:22 INFO  : Processor reset is completed for microblaze_0
01:14:58 INFO  : Processor reset is completed for microblaze_0
01:15:42 INFO  : Processor reset is completed for microblaze_0
01:18:29 INFO  : Processor reset is completed for microblaze_0
01:19:54 INFO  : Processor reset is completed for microblaze_0
01:20:50 INFO  : Processor reset is completed for microblaze_0
01:22:04 INFO  : Processor reset is completed for microblaze_0
01:23:16 INFO  : Processor reset is completed for microblaze_0
01:23:37 INFO  : Processor reset is completed for microblaze_0
01:25:54 INFO  : Processor reset is completed for microblaze_0
01:42:53 INFO  : FPGA Cable Disconnected. All active launches will be terminated.
01:55:09 INFO  : Processor reset is completed for microblaze_0
01:56:07 INFO  : Processor reset is completed for microblaze_0
01:59:58 INFO  : Processor reset is completed for microblaze_0
02:00:29 INFO  : Processor reset is completed for microblaze_0
02:02:52 INFO  : Processor reset is completed for microblaze_0
02:04:25 INFO  : Processor reset is completed for microblaze_0
02:05:05 INFO  : Processor reset is completed for microblaze_0
02:05:21 INFO  : Processor reset is completed for microblaze_0
02:10:11 ERROR : Unexpected error while parsing XMD response ￿: com.google.gson.JsonSyntaxException: com.google.gson.stream.MalformedJsonException: invalid number or unquoted string near 
10:25:31 INFO  : Registering command handlers for SDK TCF services
10:25:31 INFO  : Launching XSCT server: xsct -n -interactive /home/gokul/playground/xilinx/ece253lab/prj_gob/prj_gob.sdk/temp_xsdb_launch_script.tcl
10:25:32 INFO  : XSCT server has started successfully.
10:25:32 INFO  : Successfully done setting XSCT server connection channel  
10:25:35 INFO  : Successfully done setting SDK workspace  
10:25:35 INFO  : Processing command line option -hwspec /home/gokul/playground/xilinx/ece253lab/prj_gob/prj_gob.sdk/system_wrapper.hdf.
10:25:35 INFO  : Checking for hwspec changes in the project system_wrapper_hw_platform_0.
11:04:10 INFO  : Processor reset is completed for microblaze_0
11:05:39 INFO  : Processor reset is completed for microblaze_0
11:13:57 INFO  : Processor reset is completed for microblaze_0
11:15:47 INFO  : Processor reset is completed for microblaze_0
11:19:27 INFO  : Processor reset is completed for microblaze_0
11:22:18 INFO  : Processor reset is completed for microblaze_0
11:22:36 INFO  : Processor reset is completed for microblaze_0
11:25:02 INFO  : Processor reset is completed for microblaze_0
11:26:13 INFO  : Processor reset is completed for microblaze_0
11:27:09 INFO  : Processor reset is completed for microblaze_0
11:47:11 INFO  : Processor reset is completed for microblaze_0
11:48:01 INFO  : Processor reset is completed for microblaze_0
11:48:35 INFO  : Processor reset is completed for microblaze_0
11:51:48 INFO  : Processor reset is completed for microblaze_0
12:09:47 INFO  : Processor reset is completed for microblaze_0
12:15:13 INFO  : Processor reset is completed for microblaze_0
12:16:00 INFO  : Processor reset is completed for microblaze_0
12:17:01 INFO  : Processor reset is completed for microblaze_0
12:18:05 INFO  : Processor reset is completed for microblaze_0
12:26:23 INFO  : Processor reset is completed for microblaze_0
12:27:47 INFO  : Processor reset is completed for microblaze_0
12:28:34 INFO  : Processor reset is completed for microblaze_0
12:28:42 INFO  : Processor reset is completed for microblaze_0
12:31:41 INFO  : Processor reset is completed for microblaze_0
12:32:00 INFO  : microblaze_0 Processor is in use. Please stop existing Run or Debug sessions before launching.
12:32:19 INFO  : Processor reset is completed for microblaze_0
12:34:02 INFO  : Processor reset is completed for microblaze_0
12:36:09 INFO  : microblaze_0 Processor is in use. Please stop existing Run or Debug sessions before launching.
12:36:14 INFO  : Processor reset is completed for microblaze_0
13:10:02 INFO  : microblaze_0 Processor is in use. Please stop existing Run or Debug sessions before launching.
13:10:09 INFO  : Processor reset is completed for microblaze_0
13:18:05 INFO  : Processor reset is completed for microblaze_0
13:30:18 INFO  : Processor reset is completed for microblaze_0
13:43:46 INFO  : Processor reset is completed for microblaze_0
13:44:29 INFO  : Processor reset is completed for microblaze_0
13:45:16 INFO  : Processor reset is completed for microblaze_0
13:46:21 INFO  : Processor reset is completed for microblaze_0
13:47:44 INFO  : Processor reset is completed for microblaze_0
13:49:46 INFO  : Processor reset is completed for microblaze_0
13:50:36 INFO  : Processor reset is completed for microblaze_0
13:51:19 INFO  : Processor reset is completed for microblaze_0
13:51:44 INFO  : Processor reset is completed for microblaze_0
13:52:47 INFO  : microblaze_0 Processor is in use. Please stop existing Run or Debug sessions before launching.
13:52:52 INFO  : Processor reset is completed for microblaze_0
13:53:05 INFO  : Processor reset is completed for microblaze_0
13:55:22 INFO  : Processor reset is completed for microblaze_0
13:56:30 INFO  : Processor reset is completed for microblaze_0
13:57:10 INFO  : Processor reset is completed for microblaze_0
13:59:24 INFO  : Processor reset is completed for microblaze_0
13:59:37 INFO  : Processor reset is completed for microblaze_0
13:59:44 INFO  : Processor reset is completed for microblaze_0
14:01:12 INFO  : Processor reset is completed for microblaze_0
14:03:08 INFO  : Processor reset is completed for microblaze_0
14:05:06 INFO  : Processor reset is completed for microblaze_0
14:19:19 INFO  : Processor reset is completed for microblaze_0
14:20:00 INFO  : Processor reset is completed for microblaze_0
14:36:16 INFO  : Processor reset is completed for microblaze_0
17:33:49 INFO  : FPGA Cable Disconnected. All active launches will be terminated.
18:19:22 ERROR : Unexpected error while parsing XMD response ￿: com.google.gson.JsonSyntaxException: com.google.gson.stream.MalformedJsonException: invalid number or unquoted string near 
19:57:27 INFO  : Registering command handlers for SDK TCF services
19:57:29 INFO  : Launching XSCT server: xsct -n -interactive /home/gokul/playground/xilinx/ece253lab/prj_gob/prj_gob.sdk/temp_xsdb_launch_script.tcl
19:57:32 INFO  : XSCT server has started successfully.
19:57:32 INFO  : Successfully done setting XSCT server connection channel  
19:57:45 INFO  : Successfully done setting SDK workspace  
19:57:45 INFO  : Processing command line option -hwspec /home/gokul/playground/xilinx/ece253lab/prj_gob/prj_gob.sdk/system_wrapper.hdf.
19:57:46 INFO  : Checking for hwspec changes in the project system_wrapper_hw_platform_0.
19:58:35 INFO  : Processor reset is completed for microblaze_0
00:47:42 INFO  : microblaze_0 Processor is in use. Please stop existing Run or Debug sessions before launching.
00:47:50 INFO  : Processor reset is completed for microblaze_0
00:50:09 INFO  : Processor reset is completed for microblaze_0
01:10:17 INFO  : Processor reset is completed for microblaze_0
01:12:42 INFO  : Processor reset is completed for microblaze_0
01:14:55 INFO  : Processor reset is completed for microblaze_0
01:15:46 INFO  : Processor reset is completed for microblaze_0
01:17:45 INFO  : Processor reset is completed for microblaze_0
01:18:19 INFO  : Processor reset is completed for microblaze_0
01:21:29 INFO  : Processor reset is completed for microblaze_0
01:21:54 INFO  : Processor reset is completed for microblaze_0
01:24:26 INFO  : Processor reset is completed for microblaze_0
01:24:57 INFO  : Processor reset is completed for microblaze_0
01:27:46 INFO  : Processor reset is completed for microblaze_0
01:28:07 INFO  : Processor reset is completed for microblaze_0
01:31:05 INFO  : microblaze_0 Processor is in use. Please stop existing Run or Debug sessions before launching.
01:31:16 INFO  : Processor reset is completed for microblaze_0
01:31:38 INFO  : Processor reset is completed for microblaze_0
01:37:02 INFO  : Processor reset is completed for microblaze_0
01:37:13 INFO  : Processor reset is completed for microblaze_0
01:37:41 INFO  : Processor reset is completed for microblaze_0
01:39:27 INFO  : Processor reset is completed for microblaze_0
01:39:44 INFO  : Processor reset is completed for microblaze_0
01:45:29 INFO  : microblaze_0 Processor is in use. Please stop existing Run or Debug sessions before launching.
01:45:41 INFO  : Processor reset is completed for microblaze_0
01:48:14 INFO  : Processor reset is completed for microblaze_0
01:57:20 INFO  : Processor reset is completed for microblaze_0
01:59:41 ERROR : Unexpected error while parsing XMD response ￿: com.google.gson.JsonSyntaxException: com.google.gson.stream.MalformedJsonException: invalid number or unquoted string near 
14:11:56 INFO  : Registering command handlers for SDK TCF services
14:11:57 INFO  : Launching XSCT server: xsct -n -interactive /home/gokul/playground/xilinx/ece253lab/prj_gob/prj_gob.sdk/temp_xsdb_launch_script.tcl
14:11:59 INFO  : XSCT server has started successfully.
14:12:02 INFO  : Successfully done setting XSCT server connection channel  
14:12:02 INFO  : Successfully done setting SDK workspace  
14:12:02 INFO  : Processing command line option -hwspec /home/gokul/playground/xilinx/ece253lab/prj_gob/prj_gob.sdk/system_wrapper.hdf.
14:12:02 INFO  : Checking for hwspec changes in the project system_wrapper_hw_platform_0.
14:12:59 INFO  : Processor reset is completed for microblaze_0
14:40:41 INFO  : Processor reset is completed for microblaze_0
14:57:00 INFO  : FPGA Cable Disconnected. All active launches will be terminated.
15:14:12 INFO  : Processor reset is completed for microblaze_0
15:15:33 INFO  : Time out for XMD transaction is 60000
If you want to increase the timeout value, goto Windows-> Preferences -> Xilinx SDK -> XMD Startup
15:15:33 ERROR : Timeout occured while waiting to get reply for command "xdisconnect 0"
15:15:33 ERROR : Disconnect target failed.
15:36:38 ERROR : Unexpected error while launching program.
java.lang.RuntimeException: Unknown Error Occured
    Target '0' Does NOT exist in the Current System


	at com.xilinx.sdk.targetmanager.internal.TM.doProcessorReset(TM.java:1011)
	at com.xilinx.sdk.debug.core.XilinxAppLaunchConfigurationDelegate.runTargetSetup(XilinxAppLaunchConfigurationDelegate.java:455)
	at com.xilinx.sdk.debug.core.XilinxAppLaunchConfigurationDelegate.debugApplication(XilinxAppLaunchConfigurationDelegate.java:701)
	at com.xilinx.sdk.debug.core.XilinxAppLaunchConfigurationDelegate.launch(XilinxAppLaunchConfigurationDelegate.java:311)
	at com.xilinx.sdk.debug.ui.XilinxAppLaunchDelegateWrapper.launch(XilinxAppLaunchDelegateWrapper.java:31)
	at org.eclipse.debug.internal.core.LaunchConfiguration.launch(LaunchConfiguration.java:885)
	at org.eclipse.debug.internal.core.LaunchConfiguration.launch(LaunchConfiguration.java:739)
	at org.eclipse.debug.internal.ui.DebugUIPlugin.buildAndLaunch(DebugUIPlugin.java:1039)
	at org.eclipse.debug.internal.ui.DebugUIPlugin$8.run(DebugUIPlugin.java:1256)
	at org.eclipse.core.internal.jobs.Worker.run(Worker.java:55)
15:36:38 ERROR : Disconnect target failed.No Target with ID 0 in the System


15:37:06 ERROR : Disconnect target failed.No Target with ID 0 in the System


15:37:06 ERROR : Unable to disconnect from existing targets
java.lang.RuntimeException: No Target with ID 0 in the System


	at com.xilinx.sdk.targetmanager.internal.TM.disconnectTarget(TM.java:329)
	at com.xilinx.sdk.targetmanager.internal.TM.disconnectExistingTargets(TM.java:308)
	at com.xilinx.sdk.targetmanager.internal.TM.terminate(TM.java:212)
	at com.xilinx.sdk.targetmanager.TMPlugin.stop(TMPlugin.java:58)
	at org.eclipse.osgi.internal.framework.BundleContextImpl$4.run(BundleContextImpl.java:830)
	at org.eclipse.osgi.internal.framework.BundleContextImpl$4.run(BundleContextImpl.java:1)
	at java.security.AccessController.doPrivileged(Native Method)
	at org.eclipse.osgi.internal.framework.BundleContextImpl.stop(BundleContextImpl.java:823)
	at org.eclipse.osgi.internal.framework.EquinoxBundle.stopWorker0(EquinoxBundle.java:946)
	at org.eclipse.osgi.internal.framework.EquinoxBundle$EquinoxModule.stopWorker(EquinoxBundle.java:314)
	at org.eclipse.osgi.container.Module.doStop(Module.java:636)
	at org.eclipse.osgi.container.Module.stop(Module.java:498)
	at org.eclipse.osgi.container.ModuleContainer$ContainerStartLevel.decStartLevel(ModuleContainer.java:1661)
	at org.eclipse.osgi.container.ModuleContainer$ContainerStartLevel.doContainerStartLevel(ModuleContainer.java:1580)
	at org.eclipse.osgi.container.SystemModule.stopWorker(SystemModule.java:270)
	at org.eclipse.osgi.internal.framework.EquinoxBundle$SystemBundle$EquinoxSystemModule.stopWorker(EquinoxBundle.java:147)
	at org.eclipse.osgi.container.Module.doStop(Module.java:636)
	at org.eclipse.osgi.container.Module.stop(Module.java:498)
	at org.eclipse.osgi.container.SystemModule.stop(SystemModule.java:202)
	at org.eclipse.osgi.internal.framework.EquinoxBundle$SystemBundle$EquinoxSystemModule$1.run(EquinoxBundle.java:165)
	at java.lang.Thread.run(Thread.java:745)
15:37:06 ERROR : Unexpected error while parsing XMD response ￿: com.google.gson.JsonSyntaxException: com.google.gson.stream.MalformedJsonException: invalid number or unquoted string near 
15:37:14 INFO  : Registering command handlers for SDK TCF services
15:37:14 INFO  : Launching XSCT server: xsct -n -interactive /home/gokul/playground/xilinx/ece253lab/prj_gob/prj_gob.sdk/temp_xsdb_launch_script.tcl
15:37:15 INFO  : XSCT server has started successfully.
15:37:15 INFO  : Successfully done setting XSCT server connection channel  
15:37:15 INFO  : Successfully done setting SDK workspace  
15:37:15 INFO  : Processing command line option -hwspec /home/gokul/playground/xilinx/ece253lab/prj_gob/prj_gob.sdk/system_wrapper.hdf.
15:37:15 INFO  : Checking for hwspec changes in the project system_wrapper_hw_platform_0.
15:37:49 INFO  : Processor reset is completed for microblaze_0
15:38:23 INFO  : Processor reset is completed for microblaze_0
15:49:22 INFO  : Processor reset is completed for microblaze_0
15:56:02 INFO  : Time out for XMD transaction is 60000
If you want to increase the timeout value, goto Windows-> Preferences -> Xilinx SDK -> XMD Startup
15:56:02 ERROR : Timeout occured while waiting to get reply for command "targets 0"
23:06:48 INFO  : FPGA Cable Disconnected. All active launches will be terminated.
23:57:28 INFO  : Processor reset is completed for microblaze_0
23:59:07 INFO  : Processor reset is completed for microblaze_0
00:00:44 INFO  : Processor reset is completed for microblaze_0
00:04:11 INFO  : Processor reset is completed for microblaze_0
00:04:31 INFO  : Processor reset is completed for microblaze_0
00:04:58 INFO  : Processor reset is completed for microblaze_0
00:05:50 INFO  : Time out for XMD transaction is 60000
If you want to increase the timeout value, goto Windows-> Preferences -> Xilinx SDK -> XMD Startup
00:05:50 ERROR : Timeout occured while waiting to get reply for command "targets 0"
00:07:05 INFO  : Connected to target on host '127.0.0.1' and port '3121'.
00:11:36 ERROR : Unexpected error while parsing XMD response ￿: com.google.gson.JsonSyntaxException: com.google.gson.stream.MalformedJsonException: invalid number or unquoted string near 
00:15:01 INFO  : Registering command handlers for SDK TCF services
00:15:01 INFO  : Launching XSCT server: xsct -n -interactive /home/gokul/playground/xilinx/ece253lab/prj_gob/prj_gob.sdk/temp_xsdb_launch_script.tcl
00:15:02 INFO  : XSCT server has started successfully.
00:15:02 INFO  : Successfully done setting XSCT server connection channel  
00:15:05 INFO  : Successfully done setting SDK workspace  
00:15:05 INFO  : Processing command line option -hwspec /home/gokul/playground/xilinx/ece253lab/prj_gob/prj_gob.sdk/system_wrapper.hdf.
00:15:05 INFO  : Checking for hwspec changes in the project system_wrapper_hw_platform_0.
00:15:15 INFO  : Processor reset is completed for microblaze_0
00:17:33 INFO  : Processor reset is completed for microblaze_0
00:23:41 INFO  : Processor reset is completed for microblaze_0
00:27:06 INFO  : Processor reset is completed for microblaze_0
00:33:07 INFO  : Processor reset is completed for microblaze_0
00:36:46 INFO  : Processor reset is completed for microblaze_0
00:40:08 INFO  : Processor reset is completed for microblaze_0
00:41:54 ERROR : Unexpected error while launching program.
java.lang.RuntimeException: Unknown Error Occured
    Target '0' Does NOT exist in the Current System


	at com.xilinx.sdk.targetmanager.internal.TM.doProcessorReset(TM.java:1011)
	at com.xilinx.sdk.debug.core.XilinxAppLaunchConfigurationDelegate.runTargetSetup(XilinxAppLaunchConfigurationDelegate.java:455)
	at com.xilinx.sdk.debug.core.XilinxAppLaunchConfigurationDelegate.debugApplication(XilinxAppLaunchConfigurationDelegate.java:701)
	at com.xilinx.sdk.debug.core.XilinxAppLaunchConfigurationDelegate.launch(XilinxAppLaunchConfigurationDelegate.java:311)
	at com.xilinx.sdk.debug.ui.XilinxAppLaunchDelegateWrapper.launch(XilinxAppLaunchDelegateWrapper.java:31)
	at org.eclipse.debug.internal.core.LaunchConfiguration.launch(LaunchConfiguration.java:885)
	at org.eclipse.debug.internal.core.LaunchConfiguration.launch(LaunchConfiguration.java:739)
	at org.eclipse.debug.internal.ui.DebugUIPlugin.buildAndLaunch(DebugUIPlugin.java:1039)
	at org.eclipse.debug.internal.ui.DebugUIPlugin$8.run(DebugUIPlugin.java:1256)
	at org.eclipse.core.internal.jobs.Worker.run(Worker.java:55)
00:42:50 INFO  : Time out for XMD transaction is 60000
If you want to increase the timeout value, goto Windows-> Preferences -> Xilinx SDK -> XMD Startup
00:42:50 ERROR : Timeout occured while waiting to get reply for command "xdisconnect 0"
00:42:50 ERROR : Disconnect target failed.
00:42:50 ERROR : Disconnect target failed.No Target with ID 0 in the System


00:43:10 ERROR : Checking FPGA configuration failed..Connection to Board Failed


    Unknown Error Occured
    Cable is not powered-on

00:43:10 ERROR : Unexpected error while launching program.
com.xilinx.sdk.targetmanager.TMException: Connection to Board Failed


    Unknown Error Occured
    Cable is not powered-on

	at com.xilinx.sdk.targetmanager.internal.TM.isFPGAConfigured(TM.java:374)
	at com.xilinx.sdk.debug.core.XilinxAppLaunchConfigurationDelegate.isFpgaConfigured(XilinxAppLaunchConfigurationDelegate.java:409)
	at com.xilinx.sdk.debug.core.XilinxAppLaunchConfigurationDelegate.launch(XilinxAppLaunchConfigurationDelegate.java:303)
	at com.xilinx.sdk.debug.ui.XilinxAppLaunchDelegateWrapper.launch(XilinxAppLaunchDelegateWrapper.java:31)
	at org.eclipse.debug.internal.core.LaunchConfiguration.launch(LaunchConfiguration.java:885)
	at org.eclipse.debug.internal.core.LaunchConfiguration.launch(LaunchConfiguration.java:739)
	at org.eclipse.debug.internal.ui.DebugUIPlugin.buildAndLaunch(DebugUIPlugin.java:1039)
	at org.eclipse.debug.internal.ui.DebugUIPlugin$8.run(DebugUIPlugin.java:1256)
	at org.eclipse.core.internal.jobs.Worker.run(Worker.java:55)
00:43:11 ERROR : Disconnect target failed.No Target with ID 0 in the System


00:43:34 ERROR : Disconnect target failed.No Target with ID 0 in the System


00:43:34 ERROR : Unable to disconnect from existing targets
java.lang.RuntimeException: No Target with ID 0 in the System


	at com.xilinx.sdk.targetmanager.internal.TM.disconnectTarget(TM.java:329)
	at com.xilinx.sdk.targetmanager.internal.TM.disconnectExistingTargets(TM.java:308)
	at com.xilinx.sdk.targetmanager.internal.TM.terminate(TM.java:212)
	at com.xilinx.sdk.targetmanager.TMPlugin.stop(TMPlugin.java:58)
	at org.eclipse.osgi.internal.framework.BundleContextImpl$4.run(BundleContextImpl.java:830)
	at org.eclipse.osgi.internal.framework.BundleContextImpl$4.run(BundleContextImpl.java:1)
	at java.security.AccessController.doPrivileged(Native Method)
	at org.eclipse.osgi.internal.framework.BundleContextImpl.stop(BundleContextImpl.java:823)
	at org.eclipse.osgi.internal.framework.EquinoxBundle.stopWorker0(EquinoxBundle.java:946)
	at org.eclipse.osgi.internal.framework.EquinoxBundle$EquinoxModule.stopWorker(EquinoxBundle.java:314)
	at org.eclipse.osgi.container.Module.doStop(Module.java:636)
	at org.eclipse.osgi.container.Module.stop(Module.java:498)
	at org.eclipse.osgi.container.ModuleContainer$ContainerStartLevel.decStartLevel(ModuleContainer.java:1661)
	at org.eclipse.osgi.container.ModuleContainer$ContainerStartLevel.doContainerStartLevel(ModuleContainer.java:1580)
	at org.eclipse.osgi.container.SystemModule.stopWorker(SystemModule.java:270)
	at org.eclipse.osgi.internal.framework.EquinoxBundle$SystemBundle$EquinoxSystemModule.stopWorker(EquinoxBundle.java:147)
	at org.eclipse.osgi.container.Module.doStop(Module.java:636)
	at org.eclipse.osgi.container.Module.stop(Module.java:498)
	at org.eclipse.osgi.container.SystemModule.stop(SystemModule.java:202)
	at org.eclipse.osgi.internal.framework.EquinoxBundle$SystemBundle$EquinoxSystemModule$1.run(EquinoxBundle.java:165)
	at java.lang.Thread.run(Thread.java:745)
00:43:34 ERROR : Unexpected error while parsing XMD response ￿: com.google.gson.JsonSyntaxException: com.google.gson.stream.MalformedJsonException: invalid number or unquoted string near 
00:43:57 INFO  : Registering command handlers for SDK TCF services
00:43:57 INFO  : Launching XSCT server: xsct -n -interactive /home/gokul/playground/xilinx/ece253lab/prj_gob/prj_gob.sdk/temp_xsdb_launch_script.tcl
00:43:58 INFO  : XSCT server has started successfully.
00:43:58 INFO  : Successfully done setting XSCT server connection channel  
00:43:58 INFO  : Successfully done setting SDK workspace  
00:43:58 INFO  : Processing command line option -hwspec /home/gokul/playground/xilinx/ece253lab/prj_gob/prj_gob.sdk/system_wrapper.hdf.
00:43:58 INFO  : Checking for hwspec changes in the project system_wrapper_hw_platform_0.
00:44:04 INFO  : Processor reset is completed for microblaze_0
01:15:37 INFO  : Processor reset is completed for microblaze_0
01:26:25 INFO  : Processor reset is completed for microblaze_0
01:32:07 ERROR : Unexpected error while parsing XMD response ￿: com.google.gson.JsonSyntaxException: com.google.gson.stream.MalformedJsonException: invalid number or unquoted string near 
18:48:05 INFO  : Registering command handlers for SDK TCF services
18:48:05 INFO  : Launching XSCT server: xsct -n -interactive /home/gokul/playground/xilinx/ece253lab/prj_gob/prj_gob.sdk/temp_xsdb_launch_script.tcl
18:48:06 INFO  : XSCT server has started successfully.
18:48:06 INFO  : Successfully done setting XSCT server connection channel  
18:48:08 INFO  : Successfully done setting SDK workspace  
18:48:08 INFO  : Processing command line option -hwspec /home/gokul/playground/xilinx/ece253lab/prj_gob/prj_gob.sdk/system_wrapper.hdf.
18:48:08 INFO  : Checking for hwspec changes in the project system_wrapper_hw_platform_0.
23:03:17 INFO  : Registering command handlers for SDK TCF services
23:03:18 INFO  : Launching XSCT server: xsct -n -interactive /home/gokul/playground/xilinx/ece253lab/prj_gob/prj_gob.sdk/temp_xsdb_launch_script.tcl
23:03:19 INFO  : XSCT server has started successfully.
23:03:19 INFO  : Successfully done setting XSCT server connection channel  
23:03:21 INFO  : Successfully done setting SDK workspace  
23:03:21 INFO  : Processing command line option -hwspec /home/gokul/playground/xilinx/ece253lab/prj_gob/prj_gob.sdk/system_wrapper.hdf.
23:03:21 INFO  : Checking for hwspec changes in the project system_wrapper_hw_platform_0.
23:04:20 INFO  : Processor reset is completed for microblaze_0
23:27:56 ERROR : Unexpected error while parsing XMD response ￿: com.google.gson.JsonSyntaxException: com.google.gson.stream.MalformedJsonException: invalid number or unquoted string near 
