
*** Running vivado
    with args -log system_mdm_1_0.vds -m64 -product Vivado -mode batch -messageDb vivado.pb -notrace -source system_mdm_1_0.tcl


****** Vivado v2017.2 (64-bit)
  **** SW Build 1909853 on Thu Jun 15 18:39:10 MDT 2017
  **** IP Build 1909766 on Thu Jun 15 19:58:00 MDT 2017
    ** Copyright 1986-2017 Xilinx, Inc. All Rights Reserved.

source system_mdm_1_0.tcl -notrace
Starting RTL Elaboration : Time (s): cpu = 00:00:04 ; elapsed = 00:00:04 . Memory (MB): peak = 1162.941 ; gain = 64.996 ; free physical = 4679 ; free virtual = 41555
INFO: [Synth 8-638] synthesizing module 'system_mdm_1_0' [/home/davidmc/prep_new_ddr_cache_v2/prep_new_ddr_cache_v2.srcs/sources_1/bd/system/ip/system_mdm_1_0/synth/system_mdm_1_0.vhd:94]
INFO: [Synth 8-638] synthesizing module 'MDM' [/home/davidmc/prep_new_ddr_cache_v2/prep_new_ddr_cache_v2.srcs/sources_1/bd/system/ipshared/5967/hdl/mdm_v3_2_vh_rfs.vhd:13762]
INFO: [Synth 8-638] synthesizing module 'MB_BSCANE2' [/home/davidmc/prep_new_ddr_cache_v2/prep_new_ddr_cache_v2.srcs/sources_1/bd/system/ipshared/5967/hdl/mdm_v3_2_vh_rfs.vhd:277]
INFO: [Synth 8-256] done synthesizing module 'MB_BSCANE2' (1#1) [/home/davidmc/prep_new_ddr_cache_v2/prep_new_ddr_cache_v2.srcs/sources_1/bd/system/ipshared/5967/hdl/mdm_v3_2_vh_rfs.vhd:277]
INFO: [Synth 8-638] synthesizing module 'MB_BUFG' [/home/davidmc/prep_new_ddr_cache_v2/prep_new_ddr_cache_v2.srcs/sources_1/bd/system/ipshared/5967/hdl/mdm_v3_2_vh_rfs.vhd:328]
INFO: [Synth 8-256] done synthesizing module 'MB_BUFG' (2#1) [/home/davidmc/prep_new_ddr_cache_v2/prep_new_ddr_cache_v2.srcs/sources_1/bd/system/ipshared/5967/hdl/mdm_v3_2_vh_rfs.vhd:328]
INFO: [Synth 8-638] synthesizing module 'MDM_Core' [/home/davidmc/prep_new_ddr_cache_v2/prep_new_ddr_cache_v2.srcs/sources_1/bd/system/ipshared/5967/hdl/mdm_v3_2_vh_rfs.vhd:6642]
INFO: [Synth 8-638] synthesizing module 'MB_FDRE' [/home/davidmc/prep_new_ddr_cache_v2/prep_new_ddr_cache_v2.srcs/sources_1/bd/system/ipshared/5967/hdl/mdm_v3_2_vh_rfs.vhd:450]
INFO: [Synth 8-256] done synthesizing module 'MB_FDRE' (3#1) [/home/davidmc/prep_new_ddr_cache_v2/prep_new_ddr_cache_v2.srcs/sources_1/bd/system/ipshared/5967/hdl/mdm_v3_2_vh_rfs.vhd:450]
INFO: [Synth 8-638] synthesizing module 'JTAG_CONTROL' [/home/davidmc/prep_new_ddr_cache_v2/prep_new_ddr_cache_v2.srcs/sources_1/bd/system/ipshared/5967/hdl/mdm_v3_2_vh_rfs.vhd:3115]
INFO: [Synth 8-638] synthesizing module 'MB_FDC_1' [/home/davidmc/prep_new_ddr_cache_v2/prep_new_ddr_cache_v2.srcs/sources_1/bd/system/ipshared/5967/hdl/mdm_v3_2_vh_rfs.vhd:630]
INFO: [Synth 8-256] done synthesizing module 'MB_FDC_1' (4#1) [/home/davidmc/prep_new_ddr_cache_v2/prep_new_ddr_cache_v2.srcs/sources_1/bd/system/ipshared/5967/hdl/mdm_v3_2_vh_rfs.vhd:630]
INFO: [Synth 8-638] synthesizing module 'MB_FDRE_1' [/home/davidmc/prep_new_ddr_cache_v2/prep_new_ddr_cache_v2.srcs/sources_1/bd/system/ipshared/5967/hdl/mdm_v3_2_vh_rfs.vhd:690]
INFO: [Synth 8-256] done synthesizing module 'MB_FDRE_1' (5#1) [/home/davidmc/prep_new_ddr_cache_v2/prep_new_ddr_cache_v2.srcs/sources_1/bd/system/ipshared/5967/hdl/mdm_v3_2_vh_rfs.vhd:690]
INFO: [Synth 8-638] synthesizing module 'MB_SRL16E' [/home/davidmc/prep_new_ddr_cache_v2/prep_new_ddr_cache_v2.srcs/sources_1/bd/system/ipshared/5967/hdl/mdm_v3_2_vh_rfs.vhd:759]
INFO: [Synth 8-256] done synthesizing module 'MB_SRL16E' (6#1) [/home/davidmc/prep_new_ddr_cache_v2/prep_new_ddr_cache_v2.srcs/sources_1/bd/system/ipshared/5967/hdl/mdm_v3_2_vh_rfs.vhd:759]
INFO: [Synth 8-638] synthesizing module 'MB_SRL16E__parameterized1' [/home/davidmc/prep_new_ddr_cache_v2/prep_new_ddr_cache_v2.srcs/sources_1/bd/system/ipshared/5967/hdl/mdm_v3_2_vh_rfs.vhd:759]
INFO: [Synth 8-256] done synthesizing module 'MB_SRL16E__parameterized1' (6#1) [/home/davidmc/prep_new_ddr_cache_v2/prep_new_ddr_cache_v2.srcs/sources_1/bd/system/ipshared/5967/hdl/mdm_v3_2_vh_rfs.vhd:759]
INFO: [Synth 8-638] synthesizing module 'MB_SRL16E__parameterized3' [/home/davidmc/prep_new_ddr_cache_v2/prep_new_ddr_cache_v2.srcs/sources_1/bd/system/ipshared/5967/hdl/mdm_v3_2_vh_rfs.vhd:759]
INFO: [Synth 8-256] done synthesizing module 'MB_SRL16E__parameterized3' (6#1) [/home/davidmc/prep_new_ddr_cache_v2/prep_new_ddr_cache_v2.srcs/sources_1/bd/system/ipshared/5967/hdl/mdm_v3_2_vh_rfs.vhd:759]
INFO: [Synth 8-638] synthesizing module 'MB_SRL16E__parameterized5' [/home/davidmc/prep_new_ddr_cache_v2/prep_new_ddr_cache_v2.srcs/sources_1/bd/system/ipshared/5967/hdl/mdm_v3_2_vh_rfs.vhd:759]
INFO: [Synth 8-256] done synthesizing module 'MB_SRL16E__parameterized5' (6#1) [/home/davidmc/prep_new_ddr_cache_v2/prep_new_ddr_cache_v2.srcs/sources_1/bd/system/ipshared/5967/hdl/mdm_v3_2_vh_rfs.vhd:759]
INFO: [Synth 8-638] synthesizing module 'MB_FDRSE' [/home/davidmc/prep_new_ddr_cache_v2/prep_new_ddr_cache_v2.srcs/sources_1/bd/system/ipshared/5967/hdl/mdm_v3_2_vh_rfs.vhd:842]
INFO: [Synth 8-256] done synthesizing module 'MB_FDRSE' (7#1) [/home/davidmc/prep_new_ddr_cache_v2/prep_new_ddr_cache_v2.srcs/sources_1/bd/system/ipshared/5967/hdl/mdm_v3_2_vh_rfs.vhd:842]
INFO: [Synth 8-638] synthesizing module 'SRL_FIFO' [/home/davidmc/prep_new_ddr_cache_v2/prep_new_ddr_cache_v2.srcs/sources_1/bd/system/ipshared/5967/hdl/mdm_v3_2_vh_rfs.vhd:1771]
INFO: [Synth 8-638] synthesizing module 'MB_MUXCY_XORCY' [/home/davidmc/prep_new_ddr_cache_v2/prep_new_ddr_cache_v2.srcs/sources_1/bd/system/ipshared/5967/hdl/mdm_v3_2_vh_rfs.vhd:943]
INFO: [Synth 8-256] done synthesizing module 'MB_MUXCY_XORCY' (8#1) [/home/davidmc/prep_new_ddr_cache_v2/prep_new_ddr_cache_v2.srcs/sources_1/bd/system/ipshared/5967/hdl/mdm_v3_2_vh_rfs.vhd:943]
INFO: [Synth 8-638] synthesizing module 'MB_XORCY' [/home/davidmc/prep_new_ddr_cache_v2/prep_new_ddr_cache_v2.srcs/sources_1/bd/system/ipshared/5967/hdl/mdm_v3_2_vh_rfs.vhd:1037]
INFO: [Synth 8-256] done synthesizing module 'MB_XORCY' (9#1) [/home/davidmc/prep_new_ddr_cache_v2/prep_new_ddr_cache_v2.srcs/sources_1/bd/system/ipshared/5967/hdl/mdm_v3_2_vh_rfs.vhd:1037]
INFO: [Synth 8-638] synthesizing module 'MB_SRL16E__parameterized7' [/home/davidmc/prep_new_ddr_cache_v2/prep_new_ddr_cache_v2.srcs/sources_1/bd/system/ipshared/5967/hdl/mdm_v3_2_vh_rfs.vhd:759]
INFO: [Synth 8-256] done synthesizing module 'MB_SRL16E__parameterized7' (9#1) [/home/davidmc/prep_new_ddr_cache_v2/prep_new_ddr_cache_v2.srcs/sources_1/bd/system/ipshared/5967/hdl/mdm_v3_2_vh_rfs.vhd:759]
INFO: [Synth 8-256] done synthesizing module 'SRL_FIFO' (10#1) [/home/davidmc/prep_new_ddr_cache_v2/prep_new_ddr_cache_v2.srcs/sources_1/bd/system/ipshared/5967/hdl/mdm_v3_2_vh_rfs.vhd:1771]
INFO: [Synth 8-256] done synthesizing module 'JTAG_CONTROL' (11#1) [/home/davidmc/prep_new_ddr_cache_v2/prep_new_ddr_cache_v2.srcs/sources_1/bd/system/ipshared/5967/hdl/mdm_v3_2_vh_rfs.vhd:3115]
INFO: [Synth 8-256] done synthesizing module 'MDM_Core' (12#1) [/home/davidmc/prep_new_ddr_cache_v2/prep_new_ddr_cache_v2.srcs/sources_1/bd/system/ipshared/5967/hdl/mdm_v3_2_vh_rfs.vhd:6642]
INFO: [Synth 8-638] synthesizing module 'axi_lite_ipif' [/home/davidmc/prep_new_ddr_cache_v2/prep_new_ddr_cache_v2.srcs/sources_1/bd/system/ipshared/0ba0/hdl/axi_lite_ipif_v3_0_vh_rfs.vhd:2948]
INFO: [Synth 8-638] synthesizing module 'slave_attachment' [/home/davidmc/prep_new_ddr_cache_v2/prep_new_ddr_cache_v2.srcs/sources_1/bd/system/ipshared/0ba0/hdl/axi_lite_ipif_v3_0_vh_rfs.vhd:2341]
INFO: [Synth 8-638] synthesizing module 'address_decoder' [/home/davidmc/prep_new_ddr_cache_v2/prep_new_ddr_cache_v2.srcs/sources_1/bd/system/ipshared/0ba0/hdl/axi_lite_ipif_v3_0_vh_rfs.vhd:1775]
INFO: [Synth 8-638] synthesizing module 'pselect_f' [/home/davidmc/prep_new_ddr_cache_v2/prep_new_ddr_cache_v2.srcs/sources_1/bd/system/ipshared/0ba0/hdl/axi_lite_ipif_v3_0_vh_rfs.vhd:1534]
INFO: [Synth 8-256] done synthesizing module 'pselect_f' (13#1) [/home/davidmc/prep_new_ddr_cache_v2/prep_new_ddr_cache_v2.srcs/sources_1/bd/system/ipshared/0ba0/hdl/axi_lite_ipif_v3_0_vh_rfs.vhd:1534]
INFO: [Synth 8-638] synthesizing module 'pselect_f__parameterized0' [/home/davidmc/prep_new_ddr_cache_v2/prep_new_ddr_cache_v2.srcs/sources_1/bd/system/ipshared/0ba0/hdl/axi_lite_ipif_v3_0_vh_rfs.vhd:1534]
INFO: [Synth 8-256] done synthesizing module 'pselect_f__parameterized0' (13#1) [/home/davidmc/prep_new_ddr_cache_v2/prep_new_ddr_cache_v2.srcs/sources_1/bd/system/ipshared/0ba0/hdl/axi_lite_ipif_v3_0_vh_rfs.vhd:1534]
INFO: [Synth 8-638] synthesizing module 'pselect_f__parameterized1' [/home/davidmc/prep_new_ddr_cache_v2/prep_new_ddr_cache_v2.srcs/sources_1/bd/system/ipshared/0ba0/hdl/axi_lite_ipif_v3_0_vh_rfs.vhd:1534]
INFO: [Synth 8-256] done synthesizing module 'pselect_f__parameterized1' (13#1) [/home/davidmc/prep_new_ddr_cache_v2/prep_new_ddr_cache_v2.srcs/sources_1/bd/system/ipshared/0ba0/hdl/axi_lite_ipif_v3_0_vh_rfs.vhd:1534]
INFO: [Synth 8-638] synthesizing module 'pselect_f__parameterized2' [/home/davidmc/prep_new_ddr_cache_v2/prep_new_ddr_cache_v2.srcs/sources_1/bd/system/ipshared/0ba0/hdl/axi_lite_ipif_v3_0_vh_rfs.vhd:1534]
INFO: [Synth 8-256] done synthesizing module 'pselect_f__parameterized2' (13#1) [/home/davidmc/prep_new_ddr_cache_v2/prep_new_ddr_cache_v2.srcs/sources_1/bd/system/ipshared/0ba0/hdl/axi_lite_ipif_v3_0_vh_rfs.vhd:1534]
INFO: [Synth 8-256] done synthesizing module 'address_decoder' (14#1) [/home/davidmc/prep_new_ddr_cache_v2/prep_new_ddr_cache_v2.srcs/sources_1/bd/system/ipshared/0ba0/hdl/axi_lite_ipif_v3_0_vh_rfs.vhd:1775]
INFO: [Synth 8-256] done synthesizing module 'slave_attachment' (15#1) [/home/davidmc/prep_new_ddr_cache_v2/prep_new_ddr_cache_v2.srcs/sources_1/bd/system/ipshared/0ba0/hdl/axi_lite_ipif_v3_0_vh_rfs.vhd:2341]
INFO: [Synth 8-256] done synthesizing module 'axi_lite_ipif' (16#1) [/home/davidmc/prep_new_ddr_cache_v2/prep_new_ddr_cache_v2.srcs/sources_1/bd/system/ipshared/0ba0/hdl/axi_lite_ipif_v3_0_vh_rfs.vhd:2948]
INFO: [Synth 8-256] done synthesizing module 'MDM' (17#1) [/home/davidmc/prep_new_ddr_cache_v2/prep_new_ddr_cache_v2.srcs/sources_1/bd/system/ipshared/5967/hdl/mdm_v3_2_vh_rfs.vhd:13762]
INFO: [Synth 8-256] done synthesizing module 'system_mdm_1_0' (18#1) [/home/davidmc/prep_new_ddr_cache_v2/prep_new_ddr_cache_v2.srcs/sources_1/bd/system/ip/system_mdm_1_0/synth/system_mdm_1_0.vhd:94]
Finished RTL Elaboration : Time (s): cpu = 00:00:06 ; elapsed = 00:00:06 . Memory (MB): peak = 1215.441 ; gain = 117.496 ; free physical = 4691 ; free virtual = 41586
Finished RTL Optimization Phase 1 : Time (s): cpu = 00:00:06 ; elapsed = 00:00:07 . Memory (MB): peak = 1215.441 ; gain = 117.496 ; free physical = 4693 ; free virtual = 41588
INFO: [Device 21-403] Loading part xc7a100tcsg324-1
Constraint Validation Runtime : Time (s): cpu = 00:00:00.02 ; elapsed = 00:00:00.02 . Memory (MB): peak = 1583.367 ; gain = 0.000 ; free physical = 5025 ; free virtual = 41915
Finished Constraint Validation : Time (s): cpu = 00:00:17 ; elapsed = 00:00:17 . Memory (MB): peak = 1583.367 ; gain = 485.422 ; free physical = 5113 ; free virtual = 42003
Finished Loading Part and Timing Information : Time (s): cpu = 00:00:17 ; elapsed = 00:00:17 . Memory (MB): peak = 1583.367 ; gain = 485.422 ; free physical = 5113 ; free virtual = 42003
Finished applying 'set_property' XDC Constraints : Time (s): cpu = 00:00:17 ; elapsed = 00:00:17 . Memory (MB): peak = 1583.367 ; gain = 485.422 ; free physical = 5114 ; free virtual = 42005
Finished RTL Optimization Phase 2 : Time (s): cpu = 00:00:17 ; elapsed = 00:00:18 . Memory (MB): peak = 1583.367 ; gain = 485.422 ; free physical = 5041 ; free virtual = 41932
Finished Cross Boundary and Area Optimization : Time (s): cpu = 00:00:19 ; elapsed = 00:00:19 . Memory (MB): peak = 1583.367 ; gain = 485.422 ; free physical = 4985 ; free virtual = 41876
Finished Applying XDC Timing Constraints : Time (s): cpu = 00:00:25 ; elapsed = 00:00:25 . Memory (MB): peak = 1583.367 ; gain = 485.422 ; free physical = 4683 ; free virtual = 41573
Finished Timing Optimization : Time (s): cpu = 00:00:25 ; elapsed = 00:00:26 . Memory (MB): peak = 1583.367 ; gain = 485.422 ; free physical = 4645 ; free virtual = 41535
Finished Technology Mapping : Time (s): cpu = 00:00:25 ; elapsed = 00:00:26 . Memory (MB): peak = 1583.367 ; gain = 485.422 ; free physical = 4635 ; free virtual = 41525
Finished IO Insertion : Time (s): cpu = 00:00:26 ; elapsed = 00:00:27 . Memory (MB): peak = 1583.367 ; gain = 485.422 ; free physical = 4619 ; free virtual = 41510
Finished Renaming Generated Instances : Time (s): cpu = 00:00:26 ; elapsed = 00:00:27 . Memory (MB): peak = 1583.367 ; gain = 485.422 ; free physical = 4619 ; free virtual = 41509
Finished Rebuilding User Hierarchy : Time (s): cpu = 00:00:26 ; elapsed = 00:00:27 . Memory (MB): peak = 1583.367 ; gain = 485.422 ; free physical = 4617 ; free virtual = 41508
Finished Renaming Generated Ports : Time (s): cpu = 00:00:26 ; elapsed = 00:00:27 . Memory (MB): peak = 1583.367 ; gain = 485.422 ; free physical = 4617 ; free virtual = 41508
Finished Handling Custom Attributes : Time (s): cpu = 00:00:26 ; elapsed = 00:00:27 . Memory (MB): peak = 1583.367 ; gain = 485.422 ; free physical = 4617 ; free virtual = 41508
Finished Renaming Generated Nets : Time (s): cpu = 00:00:26 ; elapsed = 00:00:27 . Memory (MB): peak = 1583.367 ; gain = 485.422 ; free physical = 4617 ; free virtual = 41508

Report Cell Usage: 
+------+--------+------+
|      |Cell    |Count |
+------+--------+------+
|1     |BSCANE2 |     1|
|2     |BUFG    |     1|
|3     |LUT1    |     4|
|4     |LUT2    |    19|
|5     |LUT3    |    35|
|6     |LUT4    |    29|
|7     |LUT5    |    38|
|8     |LUT6    |    53|
|9     |MUXCY_L |     6|
|10    |SRL16E  |    23|
|11    |XORCY   |     8|
|12    |FDCE    |   119|
|13    |FDC_1   |     1|
|14    |FDPE    |     7|
|15    |FDRE    |    48|
|16    |FDRE_1  |     1|
|17    |FDSE    |     2|
+------+--------+------+
Finished Writing Synthesis Report : Time (s): cpu = 00:00:26 ; elapsed = 00:00:27 . Memory (MB): peak = 1583.367 ; gain = 485.422 ; free physical = 4617 ; free virtual = 41507
synth_design: Time (s): cpu = 00:00:27 ; elapsed = 00:00:28 . Memory (MB): peak = 1583.375 ; gain = 498.016 ; free physical = 4608 ; free virtual = 41498
